2024-05-01T13:58:15.710Z [info]: GET /movies/2 200
2024-05-01T14:02:13.642Z [info]: ::1 - GET /movies/2 200 
2024-05-01T14:13:08.424Z [info]: ::1 - GET /movies/1/shows 201 
2024-05-01T14:13:27.666Z [info]: ::1 - POST /movies 201 
2024-05-01T14:13:37.516Z [info]: ::1 - GET /movies/3 200 
2024-05-01T14:16:29.933Z [info]: ::1 - GET /movies 200 
2024-05-01T14:16:29.937Z [info]: ::1 - GET /movies 200 
2024-05-01T14:16:37.048Z [info]: ::1 - GET /movies 200 
2024-05-01T14:16:37.055Z [info]: ::1 - GET /movies 200 
2024-05-01T14:16:41.634Z [info]: ::1 - GET /movies 200 
2024-05-01T14:16:41.641Z [info]: ::1 - GET /movies 200 
2024-05-01T14:19:17.179Z [info]: ::1 - GET /movies 200 
2024-05-01T14:19:17.188Z [info]: ::1 - GET /movies 304 
2024-05-01T14:22:12.458Z [info]: ::1 - GET /movies 200 
2024-05-01T14:24:18.016Z [info]: ::1 - GET /movies 304 
2024-05-01T14:24:18.025Z [info]: ::1 - GET /movies 304 
2024-05-01T14:24:19.772Z [info]: ::1 - GET /movies 304 
2024-05-01T14:24:19.777Z [info]: ::1 - GET /movies 304 
2024-05-01T14:24:30.917Z [info]: ::1 - GET /movies 304 
2024-05-01T14:24:34.313Z [info]: ::1 - GET /movies 304 
2024-05-01T14:24:34.316Z [info]: ::1 - GET /movies 304 
2024-05-01T14:25:35.017Z [info]: ::1 - GET /movies 304 
2024-05-01T14:25:40.921Z [info]: ::1 - GET /movies 304 
2024-05-01T14:25:40.926Z [info]: ::1 - GET /movies 304 
2024-05-01T14:27:15.541Z [info]: ::1 - GET /movies 304 
2024-05-01T14:27:15.556Z [info]: ::1 - GET /movies 304 
2024-05-01T14:29:36.011Z [info]: ::1 - GET /movies 304 
2024-05-01T14:31:06.926Z [info]: ::1 - GET /movies/3 200 
2024-05-01T14:31:16.133Z [info]: ::1 - GET /movies/1/shows 201 
2024-05-01T14:31:21.333Z [info]: ::1 - GET /movies/1 200 
2024-05-01T14:35:13.527Z [info]: ::1 - GET /movies 304 
2024-05-01T14:35:13.532Z [info]: ::1 - GET /movies 304 
2024-05-01T14:35:16.512Z [info]: ::1 - GET /movies/1 200 
2024-05-01T14:35:16.519Z [info]: ::1 - GET /movies/1 304 
2024-05-01T14:35:18.117Z [info]: ::1 - GET /movies 304 
2024-05-01T14:35:18.122Z [info]: ::1 - GET /movies 304 
2024-05-01T14:35:19.210Z [info]: ::1 - GET /movies/2 200 
2024-05-01T14:35:19.216Z [info]: ::1 - GET /movies/2 304 
2024-05-01T14:35:19.814Z [info]: ::1 - GET /movies 304 
2024-05-01T14:35:19.820Z [info]: ::1 - GET /movies 304 
2024-05-01T14:35:20.826Z [info]: ::1 - GET /movies/3 200 
2024-05-01T14:35:20.832Z [info]: ::1 - GET /movies/3 304 
2024-05-01T14:35:21.351Z [info]: ::1 - GET /movies 304 
2024-05-01T14:35:21.355Z [info]: ::1 - GET /movies 304 
2024-05-01T14:35:21.979Z [info]: ::1 - GET /movies/2 304 
2024-05-01T14:35:21.984Z [info]: ::1 - GET /movies/2 304 
2024-05-01T14:35:22.371Z [info]: ::1 - GET /movies 304 
2024-05-01T14:35:22.376Z [info]: ::1 - GET /movies 304 
2024-05-01T14:35:24.174Z [info]: ::1 - GET /movies/1 304 
2024-05-01T14:35:24.179Z [info]: ::1 - GET /movies/1 304 
2024-05-01T14:35:24.655Z [info]: ::1 - GET /movies 304 
2024-05-01T14:35:24.661Z [info]: ::1 - GET /movies 304 
2024-05-01T17:38:50.535Z [info]: ::1 - GET /movies 304 
2024-05-01T17:38:50.541Z [info]: ::1 - GET /movies 304 
2024-05-01T17:38:51.421Z [info]: ::1 - GET /movies 304 
2024-05-01T17:38:51.426Z [info]: ::1 - GET /movies 304 
2024-05-01T17:38:51.704Z [info]: ::1 - GET /movies 304 
2024-05-01T17:38:51.709Z [info]: ::1 - GET /movies 304 
2024-05-01T17:38:51.843Z [info]: ::1 - GET /movies 304 
2024-05-01T17:38:51.848Z [info]: ::1 - GET /movies 304 
2024-05-01T17:38:52.011Z [info]: ::1 - GET /movies 304 
2024-05-01T17:38:52.015Z [info]: ::1 - GET /movies 304 
2024-05-01T17:38:58.070Z [info]: ::1 - GET /movies/1 304 
2024-05-01T17:38:58.075Z [info]: ::1 - GET /movies/1 304 
2024-05-01T17:39:03.755Z [info]: ::1 - GET /movies 304 
2024-05-01T17:39:03.762Z [info]: ::1 - GET /movies 304 
2024-05-01T17:39:04.261Z [info]: ::1 - GET /movies/1 304 
2024-05-01T17:39:04.270Z [info]: ::1 - GET /movies/1 304 
2024-05-01T17:39:19.920Z [info]: ::1 - GET /movies 304 
2024-05-01T17:39:19.928Z [info]: ::1 - GET /movies 304 
2024-05-01T17:43:27.494Z [info]: ::1 - GET /rooms 200 
2024-05-01T17:53:30.075Z [info]: ::1 - GET /movies 304 
2024-05-01T17:53:44.048Z [info]: ::1 - GET /movies 304 
2024-05-01T17:56:18.044Z [info]: ::1 - GET /rooms 200 
2024-05-01T17:56:18.048Z [info]: ::1 - GET /rooms 304 
2024-05-01T17:56:18.052Z [info]: ::1 - GET /movies 304 
2024-05-01T17:56:18.061Z [info]: ::1 - GET /movies 304 
2024-05-01T17:57:17.062Z [info]: ::1 - GET /rooms 304 
2024-05-01T17:57:17.063Z [info]: ::1 - GET /movies 304 
2024-05-01T17:57:30.052Z [info]: ::1 - GET /rooms 304 
2024-05-01T17:57:30.053Z [info]: ::1 - GET /movies 304 
2024-05-01T17:58:24.052Z [info]: ::1 - GET /rooms 304 
2024-05-01T17:58:24.054Z [info]: ::1 - GET /movies 304 
2024-05-01T17:58:42.048Z [info]: ::1 - GET /rooms 304 
2024-05-01T17:58:42.049Z [info]: ::1 - GET /movies 304 
2024-05-01T17:58:45.282Z [info]: ::1 - GET /rooms 304 
2024-05-01T17:58:45.286Z [info]: ::1 - GET /movies 304 
2024-05-01T17:58:45.289Z [info]: ::1 - GET /rooms 304 
2024-05-01T17:58:45.292Z [info]: ::1 - GET /movies 304 
2024-05-01T17:59:02.572Z [info]: ::1 - GET /rooms 304 
2024-05-01T17:59:02.573Z [info]: ::1 - GET /movies 304 
2024-05-01T17:59:02.576Z [info]: ::1 - GET /rooms 304 
2024-05-01T17:59:02.579Z [info]: ::1 - GET /movies 304 
2024-05-01T17:59:43.792Z [info]: ::1 - GET /rooms 304 
2024-05-01T17:59:43.796Z [info]: ::1 - GET /movies 304 
2024-05-01T18:00:10.203Z [info]: ::1 - GET /rooms 304 
2024-05-01T18:00:10.204Z [info]: ::1 - GET /movies 304 
2024-05-01T18:00:15.159Z [info]: ::1 - GET /rooms 304 
2024-05-01T18:00:15.162Z [info]: ::1 - GET /movies 304 
2024-05-01T18:00:15.170Z [info]: ::1 - GET /rooms 304 
2024-05-01T18:00:15.171Z [info]: ::1 - GET /movies 304 
2024-05-01T18:00:24.980Z [info]: ::1 - GET /rooms 304 
2024-05-01T18:00:24.981Z [info]: ::1 - GET /movies 304 
2024-05-01T18:00:35.076Z [info]: ::1 - GET /rooms 304 
2024-05-01T18:00:35.090Z [info]: ::1 - GET /movies 304 
2024-05-01T18:00:35.099Z [info]: ::1 - GET /rooms 304 
2024-05-01T18:00:35.101Z [info]: ::1 - GET /movies 304 
2024-05-01T18:01:08.267Z [info]: ::1 - GET /rooms 304 
2024-05-01T18:01:08.269Z [info]: ::1 - GET /movies 304 
2024-05-01T18:02:25.817Z [info]: ::1 - GET /rooms 304 
2024-05-01T18:02:25.818Z [info]: ::1 - GET /movies 304 
2024-05-01T18:02:25.833Z [info]: ::1 - GET /rooms 304 
2024-05-01T18:02:25.836Z [info]: ::1 - GET /movies 304 
2024-05-01T18:02:27.488Z [info]: ::1 - GET /movies 304 
2024-05-01T18:02:27.489Z [info]: ::1 - GET /rooms 304 
2024-05-01T18:02:27.494Z [info]: ::1 - GET /rooms 304 
2024-05-01T18:02:27.495Z [info]: ::1 - GET /movies 304 
2024-05-01T18:04:22.157Z [info]: ::1 - GET /images 200 
2024-05-01T18:05:20.540Z [info]: ::1 - POST /movies 201 
2024-05-01T18:05:25.473Z [info]: ::1 - GET /rooms 304 
2024-05-01T18:05:25.485Z [info]: ::1 - GET /rooms 304 
2024-05-01T18:05:25.488Z [info]: ::1 - GET /movies 200 
2024-05-01T18:05:25.493Z [info]: ::1 - GET /movies 304 
2024-05-01T18:06:08.526Z [info]: ::1 - GET /rooms 304 
2024-05-01T18:06:08.528Z [info]: ::1 - GET /movies 304 
2024-05-01T18:06:08.537Z [info]: ::1 - GET /rooms 304 
2024-05-01T18:06:08.539Z [info]: ::1 - GET /movies 304 
2024-05-01T18:06:10.324Z [info]: ::1 - GET /rooms 304 
2024-05-01T18:06:10.325Z [info]: ::1 - GET /movies 304 
2024-05-01T18:06:10.334Z [info]: ::1 - GET /rooms 304 
2024-05-01T18:06:10.340Z [info]: ::1 - GET /movies 304 
2024-05-01T18:06:16.696Z [info]: ::1 - GET /rooms 304 
2024-05-01T18:06:16.698Z [info]: ::1 - GET /movies 304 
2024-05-01T18:06:16.701Z [info]: ::1 - GET /rooms 304 
2024-05-01T18:06:16.703Z [info]: ::1 - GET /movies 304 
2024-05-01T18:06:34.237Z [info]: ::1 - GET /rooms 304 
2024-05-01T18:06:34.239Z [info]: ::1 - GET /movies 304 
2024-05-01T18:06:34.243Z [info]: ::1 - GET /rooms 304 
2024-05-01T18:06:34.246Z [info]: ::1 - GET /movies 304 
2024-05-01T18:06:35.663Z [info]: ::1 - GET /rooms 304 
2024-05-01T18:06:35.664Z [info]: ::1 - GET /movies 304 
2024-05-01T18:06:35.668Z [info]: ::1 - GET /rooms 304 
2024-05-01T18:06:35.670Z [info]: ::1 - GET /movies 304 
2024-05-01T18:06:53.524Z [info]: ::1 - GET /rooms 304 
2024-05-01T18:06:53.525Z [info]: ::1 - GET /movies 304 
2024-05-01T18:06:53.529Z [info]: ::1 - GET /rooms 304 
2024-05-01T18:06:53.531Z [info]: ::1 - GET /movies 304 
2024-05-01T18:07:00.113Z [info]: ::1 - GET /rooms 304 
2024-05-01T18:07:00.113Z [info]: ::1 - GET /movies 304 
2024-05-01T18:07:00.118Z [info]: ::1 - GET /rooms 304 
2024-05-01T18:07:00.120Z [info]: ::1 - GET /movies 304 
2024-05-01T18:08:08.050Z [info]: ::1 - GET /rooms 304 
2024-05-01T18:08:08.051Z [info]: ::1 - GET /movies 304 
2024-05-01T18:08:08.055Z [info]: ::1 - GET /rooms 304 
2024-05-01T18:08:08.056Z [info]: ::1 - GET /movies 304 
2024-05-01T18:08:10.324Z [info]: ::1 - GET /rooms 304 
2024-05-01T18:08:10.325Z [info]: ::1 - GET /movies 304 
2024-05-01T18:08:10.331Z [info]: ::1 - GET /rooms 304 
2024-05-01T18:08:10.333Z [info]: ::1 - GET /movies 304 
2024-05-01T18:08:13.115Z [info]: ::1 - GET /rooms 304 
2024-05-01T18:08:13.116Z [info]: ::1 - GET /movies 304 
2024-05-01T18:08:13.123Z [info]: ::1 - GET /rooms 304 
2024-05-01T18:08:13.137Z [info]: ::1 - GET /movies 304 
2024-05-01T18:08:15.473Z [info]: ::1 - GET /movies/4 200 
2024-05-01T18:08:15.480Z [info]: ::1 - GET /movies/4 304 
2024-05-01T18:08:16.584Z [info]: ::1 - GET /rooms 304 
2024-05-01T18:08:16.585Z [info]: ::1 - GET /movies 304 
2024-05-01T18:08:16.591Z [info]: ::1 - GET /rooms 304 
2024-05-01T18:08:16.595Z [info]: ::1 - GET /movies 304 
2024-05-01T18:08:33.965Z [info]: ::1 - GET /rooms 304 
2024-05-01T18:08:33.966Z [info]: ::1 - GET /movies 304 
2024-05-01T18:08:33.970Z [info]: ::1 - GET /rooms 304 
2024-05-01T18:08:33.973Z [info]: ::1 - GET /movies 304 
2024-05-01T18:08:40.002Z [info]: ::1 - GET /rooms 304 
2024-05-01T18:08:40.004Z [info]: ::1 - GET /movies 304 
2024-05-01T18:08:40.996Z [info]: ::1 - GET /rooms 304 
2024-05-01T18:08:40.999Z [info]: ::1 - GET /movies 304 
2024-05-01T18:08:41.000Z [info]: ::1 - GET /rooms 304 
2024-05-01T18:08:41.004Z [info]: ::1 - GET /movies 304 
2024-05-01T18:09:05.305Z [info]: ::1 - GET /rooms 304 
2024-05-01T18:09:05.309Z [info]: ::1 - GET /movies 304 
2024-05-01T18:09:05.312Z [info]: ::1 - GET /rooms 304 
2024-05-01T18:09:05.316Z [info]: ::1 - GET /movies 304 
2024-05-01T18:09:09.075Z [info]: ::1 - GET /rooms 304 
2024-05-01T18:09:09.076Z [info]: ::1 - GET /movies 304 
2024-05-01T18:09:09.081Z [info]: ::1 - GET /rooms 304 
2024-05-01T18:09:09.083Z [info]: ::1 - GET /movies 304 
2024-05-01T18:09:25.968Z [info]: ::1 - GET /movies/4 304 
2024-05-01T18:09:25.973Z [info]: ::1 - GET /movies/4 304 
2024-05-01T18:09:27.235Z [info]: ::1 - GET /rooms 304 
2024-05-01T18:09:27.236Z [info]: ::1 - GET /movies 304 
2024-05-01T18:09:27.242Z [info]: ::1 - GET /rooms 304 
2024-05-01T18:09:27.244Z [info]: ::1 - GET /movies 304 
2024-05-01T18:09:27.636Z [info]: ::1 - GET /movies/1 304 
2024-05-01T18:09:27.640Z [info]: ::1 - GET /movies/1 304 
2024-05-01T18:09:28.098Z [info]: ::1 - GET /rooms 304 
2024-05-01T18:09:28.099Z [info]: ::1 - GET /movies 304 
2024-05-01T18:09:28.105Z [info]: ::1 - GET /rooms 304 
2024-05-01T18:09:28.121Z [info]: ::1 - GET /movies 304 
2024-05-01T18:09:28.557Z [info]: ::1 - GET /movies/2 304 
2024-05-01T18:09:28.564Z [info]: ::1 - GET /movies/2 304 
2024-05-01T18:09:28.943Z [info]: ::1 - GET /rooms 304 
2024-05-01T18:09:28.944Z [info]: ::1 - GET /movies 304 
2024-05-01T18:09:28.949Z [info]: ::1 - GET /rooms 304 
2024-05-01T18:09:28.952Z [info]: ::1 - GET /movies 304 
2024-05-01T18:09:29.399Z [info]: ::1 - GET /movies/3 304 
2024-05-01T18:09:29.404Z [info]: ::1 - GET /movies/3 304 
2024-05-01T18:09:29.930Z [info]: ::1 - GET /movies 304 
2024-05-01T18:09:29.930Z [info]: ::1 - GET /rooms 304 
2024-05-01T18:09:29.937Z [info]: ::1 - GET /rooms 304 
2024-05-01T18:09:29.938Z [info]: ::1 - GET /movies 304 
2024-05-01T18:09:30.852Z [info]: ::1 - GET /movies/1 304 
2024-05-01T18:09:30.857Z [info]: ::1 - GET /movies/1 304 
2024-05-01T18:09:31.694Z [info]: ::1 - GET /rooms 304 
2024-05-01T18:09:31.694Z [info]: ::1 - GET /movies 304 
2024-05-01T18:09:31.698Z [info]: ::1 - GET /rooms 304 
2024-05-01T18:09:31.700Z [info]: ::1 - GET /movies 304 
2024-05-01T18:09:33.576Z [info]: ::1 - GET /movies/4 304 
2024-05-01T18:09:33.581Z [info]: ::1 - GET /movies/4 304 
2024-05-01T18:09:34.632Z [info]: ::1 - GET /rooms 304 
2024-05-01T18:09:34.639Z [info]: ::1 - GET /movies 304 
2024-05-01T18:09:34.649Z [info]: ::1 - GET /rooms 304 
2024-05-01T18:09:34.654Z [info]: ::1 - GET /movies 304 
2024-05-01T18:09:35.030Z [info]: ::1 - GET /movies/1 304 
2024-05-01T18:09:35.036Z [info]: ::1 - GET /movies/1 304 
2024-05-01T18:09:35.718Z [info]: ::1 - GET /rooms 304 
2024-05-01T18:09:35.719Z [info]: ::1 - GET /movies 304 
2024-05-01T18:09:35.724Z [info]: ::1 - GET /rooms 304 
2024-05-01T18:09:35.725Z [info]: ::1 - GET /movies 304 
2024-05-01T18:09:36.098Z [info]: ::1 - GET /movies/4 304 
2024-05-01T18:09:36.104Z [info]: ::1 - GET /movies/4 304 
2024-05-01T18:09:43.667Z [info]: ::1 - GET /rooms 304 
2024-05-01T18:09:43.671Z [info]: ::1 - GET /movies 304 
2024-05-01T18:09:43.682Z [info]: ::1 - GET /rooms 304 
2024-05-01T18:09:43.684Z [info]: ::1 - GET /movies 304 
2024-05-01T18:09:44.977Z [info]: ::1 - GET /movies/4 304 
2024-05-01T18:09:44.984Z [info]: ::1 - GET /movies/4 304 
2024-05-01T18:09:58.143Z [info]: ::1 - POST /shows 201 
2024-05-01T18:10:00.336Z [info]: ::1 - GET /movies/4 304 
2024-05-01T18:10:00.340Z [info]: ::1 - GET /movies/4 304 
2024-05-01T18:10:01.308Z [info]: ::1 - GET /rooms 304 
2024-05-01T18:10:01.310Z [info]: ::1 - GET /movies 304 
2024-05-01T18:10:01.315Z [info]: ::1 - GET /rooms 304 
2024-05-01T18:10:01.317Z [info]: ::1 - GET /movies 304 
2024-05-01T18:10:02.055Z [info]: ::1 - GET /movies/4 304 
2024-05-01T18:10:02.061Z [info]: ::1 - GET /movies/4 304 
2024-05-01T18:10:14.924Z [info]: ::1 - GET /movies/4 304 
2024-05-01T18:10:14.930Z [info]: ::1 - GET /movies/4 304 
2024-05-01T18:10:15.794Z [info]: ::1 - GET /rooms 304 
2024-05-01T18:10:15.797Z [info]: ::1 - GET /movies 304 
2024-05-01T18:10:15.803Z [info]: ::1 - GET /rooms 304 
2024-05-01T18:10:15.805Z [info]: ::1 - GET /movies 304 
2024-05-01T18:10:16.766Z [info]: ::1 - GET /movies/4 304 
2024-05-01T18:10:16.773Z [info]: ::1 - GET /movies/4 304 
2024-05-01T18:10:17.620Z [info]: ::1 - GET /rooms 304 
2024-05-01T18:10:17.622Z [info]: ::1 - GET /movies 304 
2024-05-01T18:10:17.625Z [info]: ::1 - GET /rooms 304 
2024-05-01T18:10:17.627Z [info]: ::1 - GET /movies 304 
2024-05-01T18:10:18.229Z [info]: ::1 - GET /movies/1 200 
2024-05-01T18:10:18.234Z [info]: ::1 - GET /movies/1 304 
2024-05-01T18:10:18.688Z [info]: ::1 - GET /rooms 304 
2024-05-01T18:10:18.690Z [info]: ::1 - GET /movies 304 
2024-05-01T18:10:18.695Z [info]: ::1 - GET /rooms 304 
2024-05-01T18:10:18.698Z [info]: ::1 - GET /movies 304 
2024-05-01T18:10:19.089Z [info]: ::1 - GET /movies/2 304 
2024-05-01T18:10:19.095Z [info]: ::1 - GET /movies/2 304 
2024-05-01T18:10:19.502Z [info]: ::1 - GET /rooms 304 
2024-05-01T18:10:19.503Z [info]: ::1 - GET /movies 304 
2024-05-01T18:10:19.508Z [info]: ::1 - GET /rooms 304 
2024-05-01T18:10:19.510Z [info]: ::1 - GET /movies 304 
2024-05-01T18:10:19.807Z [info]: ::1 - GET /movies/1 304 
2024-05-01T18:10:19.813Z [info]: ::1 - GET /movies/1 304 
2024-05-01T18:10:32.577Z [info]: ::1 - GET /movies/1 200 
2024-05-01T18:10:37.299Z [info]: ::1 - GET /movies/4 200 
2024-05-01T18:11:00.564Z [info]: ::1 - GET /movies/1 304 
2024-05-01T18:11:00.583Z [info]: ::1 - GET /movies/1 304 
2024-05-01T18:13:24.067Z [info]: ::1 - GET /movies 304 
2024-05-01T18:13:24.077Z [info]: ::1 - GET /rooms 304 
2024-05-01T18:13:24.086Z [info]: ::1 - GET /movies 304 
2024-05-01T18:13:24.088Z [info]: ::1 - GET /rooms 304 
2024-05-01T18:15:59.811Z [info]: ::1 - GET /movies 304 
2024-05-01T18:15:59.817Z [info]: ::1 - GET /rooms 304 
2024-05-01T18:15:59.821Z [info]: ::1 - GET /movies 304 
2024-05-01T18:15:59.823Z [info]: ::1 - GET /rooms 304 
2024-05-01T18:16:01.572Z [info]: ::1 - GET /movies/4 304 
2024-05-01T18:16:01.578Z [info]: ::1 - GET /movies/4 304 
2024-05-01T18:16:02.407Z [info]: ::1 - GET /rooms 304 
2024-05-01T18:16:02.408Z [info]: ::1 - GET /movies 304 
2024-05-01T18:16:02.417Z [info]: ::1 - GET /rooms 304 
2024-05-01T18:16:02.421Z [info]: ::1 - GET /movies 304 
2024-05-01T18:16:02.817Z [info]: ::1 - GET /movies/1 200 
2024-05-01T18:16:02.822Z [info]: ::1 - GET /movies/1 304 
2024-05-01T18:16:03.346Z [info]: ::1 - GET /rooms 304 
2024-05-01T18:16:03.351Z [info]: ::1 - GET /movies 304 
2024-05-01T18:16:03.353Z [info]: ::1 - GET /rooms 304 
2024-05-01T18:16:03.355Z [info]: ::1 - GET /movies 304 
2024-05-01T18:16:03.812Z [info]: ::1 - GET /movies/2 304 
2024-05-01T18:16:03.818Z [info]: ::1 - GET /movies/2 304 
2024-05-01T18:16:04.279Z [info]: ::1 - GET /rooms 304 
2024-05-01T18:16:04.283Z [info]: ::1 - GET /movies 304 
2024-05-01T18:16:04.286Z [info]: ::1 - GET /rooms 304 
2024-05-01T18:16:04.289Z [info]: ::1 - GET /movies 304 
2024-05-01T18:16:04.696Z [info]: ::1 - GET /movies/3 304 
2024-05-01T18:16:04.705Z [info]: ::1 - GET /movies/3 304 
2024-05-01T18:16:05.417Z [info]: ::1 - GET /movies 304 
2024-05-01T18:16:05.418Z [info]: ::1 - GET /rooms 304 
2024-05-01T18:16:05.426Z [info]: ::1 - GET /rooms 304 
2024-05-01T18:16:05.427Z [info]: ::1 - GET /movies 304 
2024-05-01T18:16:30.095Z [info]: ::1 - GET /movies/4 200 
2024-05-01T18:16:39.384Z [info]: ::1 - GET /rooms 304 
2024-05-01T18:16:39.385Z [info]: ::1 - GET /movies 304 
2024-05-01T18:16:39.393Z [info]: ::1 - GET /rooms 304 
2024-05-01T18:16:39.394Z [info]: ::1 - GET /movies 304 
2024-05-01T18:17:29.516Z [info]: ::1 - POST /rooms 201 
2024-05-01T18:17:32.199Z [info]: ::1 - GET /rooms 200 
2024-05-01T18:17:32.200Z [info]: ::1 - GET /movies 304 
2024-05-01T18:17:32.211Z [info]: ::1 - GET /rooms 304 
2024-05-01T18:17:32.215Z [info]: ::1 - GET /movies 304 
2024-05-01T18:17:35.212Z [info]: ::1 - GET /rooms 304 
2024-05-01T18:17:35.213Z [info]: ::1 - GET /movies 304 
2024-05-01T18:17:35.223Z [info]: ::1 - GET /rooms 304 
2024-05-01T18:17:35.225Z [info]: ::1 - GET /movies 304 
2024-05-01T18:17:36.230Z [info]: ::1 - GET /rooms 304 
2024-05-01T18:17:36.231Z [info]: ::1 - GET /movies 304 
2024-05-01T18:17:36.238Z [info]: ::1 - GET /rooms 304 
2024-05-01T18:17:36.239Z [info]: ::1 - GET /movies 304 
2024-05-01T18:18:16.535Z [info]: ::1 - GET /rooms/1 200 
2024-05-01T18:18:20.753Z [info]: ::1 - GET /rooms 304 
2024-05-01T18:18:20.754Z [info]: ::1 - GET /movies 304 
2024-05-01T18:18:20.759Z [info]: ::1 - GET /rooms 304 
2024-05-01T18:18:20.764Z [info]: ::1 - GET /movies 304 
2024-05-01T18:21:24.753Z [info]: ::1 - GET /rooms 304 
2024-05-01T18:21:24.756Z [info]: ::1 - GET /movies 304 
2024-05-01T18:21:24.759Z [info]: ::1 - GET /rooms 304 
2024-05-01T18:21:24.765Z [info]: ::1 - GET /movies 304 
2024-05-01T18:21:24.766Z [info]: ::1 - GET /rooms 304 
2024-05-01T18:21:24.774Z [info]: ::1 - GET /rooms 304 
2024-05-01T18:21:26.236Z [info]: ::1 - GET /rooms 304 
2024-05-01T18:21:26.240Z [info]: ::1 - GET /movies 304 
2024-05-01T18:21:26.242Z [info]: ::1 - GET /rooms 304 
2024-05-01T18:21:26.245Z [info]: ::1 - GET /movies 304 
2024-05-01T18:21:26.247Z [info]: ::1 - GET /rooms 304 
2024-05-01T18:21:26.250Z [info]: ::1 - GET /rooms 304 
2024-05-01T18:21:30.655Z [info]: ::1 - GET /rooms 304 
2024-05-01T18:21:30.657Z [info]: ::1 - GET /movies 304 
2024-05-01T18:22:08.040Z [info]: ::1 - GET /rooms 304 
2024-05-01T18:22:09.805Z [info]: ::1 - GET /rooms 304 
2024-05-01T18:22:09.827Z [info]: ::1 - GET /movies 304 
2024-05-01T18:22:09.833Z [info]: ::1 - GET /rooms 304 
2024-05-01T18:22:09.837Z [info]: ::1 - GET /movies 304 
2024-05-01T18:22:09.837Z [info]: ::1 - GET /rooms 304 
2024-05-01T18:22:09.839Z [info]: ::1 - GET /rooms 304 
2024-05-01T18:22:15.606Z [info]: ::1 - GET /movies/4 304 
2024-05-01T18:22:15.627Z [info]: ::1 - GET /movies/4 304 
2024-05-01T18:22:16.473Z [info]: ::1 - GET /rooms 304 
2024-05-01T18:22:16.477Z [info]: ::1 - GET /movies 304 
2024-05-01T18:22:16.479Z [info]: ::1 - GET /rooms 304 
2024-05-01T18:22:16.486Z [info]: ::1 - GET /movies 304 
2024-05-01T18:22:16.487Z [info]: ::1 - GET /rooms 304 
2024-05-01T18:22:16.488Z [info]: ::1 - GET /rooms 304 
2024-05-01T18:23:02.046Z [info]: ::1 - GET /movies 304 
2024-05-01T18:25:45.711Z [info]: ::1 - GET /rooms 304 
2024-05-01T18:25:45.715Z [info]: ::1 - GET /movies 304 
2024-05-01T18:25:45.718Z [info]: ::1 - GET /rooms 304 
2024-05-01T18:25:45.723Z [info]: ::1 - GET /movies 304 
2024-05-01T18:25:46.254Z [info]: ::1 - GET /rooms 304 
2024-05-01T18:25:46.255Z [info]: ::1 - GET /movies 304 
2024-05-01T18:25:46.260Z [info]: ::1 - GET /rooms 304 
2024-05-01T18:25:46.262Z [info]: ::1 - GET /movies 304 
2024-05-01T18:30:29.428Z [info]: ::1 - GET /rooms 304 
2024-05-01T18:30:29.429Z [info]: ::1 - GET /movies 304 
2024-05-01T18:30:29.432Z [info]: ::1 - GET /rooms 304 
2024-05-01T18:30:29.434Z [info]: ::1 - GET /movies 304 
2024-05-01T18:31:15.487Z [info]: ::1 - GET /rooms 304 
2024-05-01T18:31:15.491Z [info]: ::1 - GET /movies 200 
2024-05-01T18:31:15.495Z [info]: ::1 - GET /rooms 304 
2024-05-01T18:31:15.499Z [info]: ::1 - GET /movies 304 
2024-05-01T18:31:45.409Z [info]: ::1 - POST /images 201 
2024-05-01T18:31:54.119Z [info]: ::1 - GET /images 200 
2024-05-01T18:32:30.708Z [info]: ::1 - GET /rooms 304 
2024-05-01T18:32:30.711Z [info]: ::1 - GET /movies 200 
2024-05-01T18:32:30.714Z [info]: ::1 - GET /rooms 304 
2024-05-01T18:32:30.717Z [info]: ::1 - GET /movies 304 
2024-05-01T18:32:48.794Z [info]: ::1 - GET /rooms 304 
2024-05-01T18:32:48.795Z [info]: ::1 - GET /movies 304 
2024-05-01T18:32:48.799Z [info]: ::1 - GET /rooms 304 
2024-05-01T18:32:48.801Z [info]: ::1 - GET /movies 304 
2024-05-01T18:32:52.772Z [info]: ::1 - GET /movies/1 200 
2024-05-01T18:32:52.779Z [info]: ::1 - GET /movies/1 304 
2024-05-01T18:32:53.642Z [info]: ::1 - GET /movies 304 
2024-05-01T18:32:53.642Z [info]: ::1 - GET /rooms 304 
2024-05-01T18:32:53.648Z [info]: ::1 - GET /rooms 304 
2024-05-01T18:32:53.650Z [info]: ::1 - GET /movies 304 
2024-05-01T18:32:54.377Z [info]: ::1 - GET /movies/1 304 
2024-05-01T18:32:54.383Z [info]: ::1 - GET /movies/1 304 
2024-05-01T18:32:55.223Z [info]: ::1 - GET /rooms 304 
2024-05-01T18:32:55.223Z [info]: ::1 - GET /movies 304 
2024-05-01T18:32:55.230Z [info]: ::1 - GET /rooms 304 
2024-05-01T18:32:55.233Z [info]: ::1 - GET /movies 304 
2024-05-01T18:34:44.275Z [info]: ::1 - GET /rooms 304 
2024-05-01T18:34:44.276Z [info]: ::1 - GET /movies 304 
2024-05-01T18:34:44.282Z [info]: ::1 - GET /rooms 304 
2024-05-01T18:34:44.284Z [info]: ::1 - GET /movies 304 
2024-05-01T18:36:09.064Z [info]: ::1 - GET /movies 304 
2024-05-01T18:36:09.074Z [info]: ::1 - GET /rooms 304 
2024-05-01T18:36:09.076Z [info]: ::1 - GET /movies 304 
2024-05-01T18:36:09.078Z [info]: ::1 - GET /rooms 304 
2024-05-01T18:36:22.691Z [info]: ::1 - GET /static/image-1714588305395-279204238.jpg 404 
2024-05-01T18:44:04.858Z [info]: ::1 - GET /rooms 304 
2024-05-01T18:44:04.860Z [info]: ::1 - GET /movies 304 
2024-05-01T18:44:04.866Z [info]: ::1 - GET /rooms 304 
2024-05-01T18:44:04.868Z [info]: ::1 - GET /movies 304 
2024-05-01T18:44:28.476Z [info]: ::1 - GET /shows 200 
2024-05-01T18:44:28.485Z [info]: ::1 - GET /shows 304 
2024-05-01T18:44:29.542Z [info]: ::1 - GET /movies 304 
2024-05-01T18:44:29.543Z [info]: ::1 - GET /rooms 304 
2024-05-01T18:44:29.568Z [info]: ::1 - GET /movies 304 
2024-05-01T18:44:29.571Z [info]: ::1 - GET /rooms 304 
2024-05-01T18:44:29.576Z [info]: ::1 - GET /shows 304 
2024-05-01T18:44:29.581Z [info]: ::1 - GET /shows 304 
2024-05-02T18:55:12.468Z [info]: ::1 - GET /movies 200 
2024-05-02T18:57:09.473Z [info]: ::1 - GET /movies 304 
2024-05-02T18:57:09.487Z [info]: ::1 - GET /movies 304 
2024-05-02T19:07:11.477Z [info]: ::1 - GET /movies?limit=4&orderBy=id&ascending=false 200 
2024-05-02T19:07:14.089Z [info]: ::1 - GET /movies?limit=4&orderBy=id&ascending=false 304 
2024-05-02T19:07:14.099Z [info]: ::1 - GET /movies?limit=4&orderBy=id&ascending=false 304 
2024-05-02T19:07:52.816Z [info]: ::1 - GET /movies?limit=4&orderBy=id&ascending=false 304 
2024-05-02T19:07:52.827Z [info]: ::1 - GET /movies?limit=4&orderBy=id&ascending=false 304 
2024-05-02T19:07:56.141Z [info]: ::1 - GET /movies?limit=4&orderBy=id&ascending=false 304 
2024-05-02T19:07:56.148Z [info]: ::1 - GET /movies?limit=4&orderBy=id&ascending=false 304 
2024-05-02T19:07:58.188Z [info]: ::1 - GET /movies?limit=4&orderBy=id&ascending=false 304 
2024-05-02T19:07:58.202Z [info]: ::1 - GET /movies?limit=4&orderBy=id&ascending=false 304 
2024-05-02T19:08:57.405Z [info]: ::1 - GET /movies?limit=4&orderBy=id&ascending=false 304 
2024-05-02T19:08:57.412Z [info]: ::1 - GET /movies?limit=4&orderBy=id&ascending=false 304 
2024-05-02T19:10:39.134Z [info]: ::1 - GET /movies?limit=4&orderBy=id&ascending=false 304 
2024-05-02T19:10:39.146Z [info]: ::1 - GET /movies?limit=4&orderBy=id&ascending=false 304 
2024-05-02T19:10:45.704Z [info]: ::1 - GET /movies?limit=3&orderBy=id&ascending=false 200 
2024-05-02T19:11:16.141Z [info]: ::1 - GET /movies?limit=3&orderBy=id&ascending=false 304 
2024-05-02T19:11:16.153Z [info]: ::1 - GET /movies?limit=3&orderBy=id&ascending=false 304 
2024-05-02T19:11:42.837Z [info]: ::1 - GET /movies?limit=3&orderBy=id&ascending=false 200 
2024-05-02T19:11:42.848Z [info]: ::1 - GET /movies?limit=3&orderBy=id&ascending=false 200 
2024-05-02T19:13:44.995Z [info]: ::1 - GET /shows 200 
2024-05-02T19:15:04.125Z [info]: ::1 - GET /movies?limit=4&orderBy=id&ascending=false 304 
2024-05-02T19:15:04.138Z [info]: ::1 - GET /movies?limit=4&orderBy=id&ascending=false 304 
2024-05-02T19:15:04.141Z [info]: ::1 - GET /shows 304 
2024-05-02T19:15:04.153Z [info]: ::1 - GET /shows 304 
2024-05-02T19:17:00.353Z [info]: ::1 - GET /shows 304 
2024-05-02T19:17:00.355Z [info]: ::1 - GET /movies?limit=3&orderBy=id&ascending=false 304 
2024-05-02T19:20:14.117Z [info]: ::1 - GET /movies?limit=3&orderBy=id&ascending=false 304 
2024-05-02T19:20:14.120Z [info]: ::1 - GET /shows 304 
2024-05-02T19:20:14.132Z [info]: ::1 - GET /movies?limit=3&orderBy=id&ascending=false 304 
2024-05-02T19:20:14.133Z [info]: ::1 - GET /shows 304 
2024-05-02T19:20:30.699Z [info]: ::1 - GET /movies?limit=3&orderBy=id&ascending=false 304 
2024-05-02T19:20:30.702Z [info]: ::1 - GET /shows 304 
2024-05-02T19:20:30.738Z [info]: ::1 - GET /movies?limit=3&orderBy=id&ascending=false 304 
2024-05-02T19:20:30.740Z [info]: ::1 - GET /shows 304 
2024-05-02T19:22:47.093Z [info]: ::1 - GET /shows 304 
2024-05-02T19:22:47.095Z [info]: ::1 - GET /movies?limit=3&orderBy=id&ascending=false 304 
2024-05-02T19:23:17.667Z [info]: ::1 - GET /movies?limit=3&orderBy=id&ascending=false 200 
2024-05-02T19:23:17.671Z [info]: ::1 - GET /movies?limit=3&orderBy=id&ascending=false 200 
2024-05-02T19:23:17.690Z [info]: ::1 - GET /shows 200 
2024-05-02T19:23:17.692Z [info]: ::1 - GET /shows 200 
2024-05-02T19:26:24.133Z [info]: ::1 - GET /rooms 200 
2024-05-02T19:28:50.728Z [info]: ::1 - GET /shows 304 
2024-05-02T19:28:50.737Z [info]: ::1 - GET /movies?limit=3&orderBy=id&ascending=false 304 
2024-05-02T19:28:50.757Z [info]: ::1 - GET /shows 304 
2024-05-02T19:28:50.758Z [info]: ::1 - GET /movies?limit=3&orderBy=id&ascending=false 304 
2024-05-02T19:29:03.960Z [info]: ::1 - GET /shows 304 
2024-05-02T19:29:03.962Z [info]: ::1 - GET /rooms 304 
2024-05-02T19:29:03.967Z [info]: ::1 - GET /movies?limit=3&orderBy=id&ascending=false 304 
2024-05-02T19:29:03.969Z [info]: ::1 - GET /rooms 304 
2024-05-02T19:29:03.974Z [info]: ::1 - GET /rooms 304 
2024-05-02T19:29:03.977Z [info]: ::1 - GET /rooms 304 
2024-05-02T19:32:14.113Z [info]: ::1 - GET /shows 304 
2024-05-02T19:32:14.115Z [info]: ::1 - GET /movies?limit=3&orderBy=id&ascending=false 304 
2024-05-02T19:32:14.134Z [info]: ::1 - GET /shows 304 
2024-05-02T19:32:14.137Z [info]: ::1 - GET /movies?limit=3&orderBy=id&ascending=false 304 
2024-05-02T19:32:17.306Z [info]: ::1 - GET /movies?limit=3&orderBy=id&ascending=false 304 
2024-05-02T19:32:17.309Z [info]: ::1 - GET /shows 304 
2024-05-02T19:32:17.319Z [info]: ::1 - GET /movies?limit=3&orderBy=id&ascending=false 304 
2024-05-02T19:32:17.324Z [info]: ::1 - GET /shows 304 
2024-05-02T19:32:31.263Z [info]: ::1 - GET /movies?limit=3&orderBy=id&ascending=false 304 
2024-05-02T19:32:31.266Z [info]: ::1 - GET /rooms 304 
2024-05-02T19:32:31.271Z [info]: ::1 - GET /shows 304 
2024-05-02T19:32:31.281Z [info]: ::1 - GET /rooms 304 
2024-05-02T19:32:31.285Z [info]: ::1 - GET /movies?limit=3&orderBy=id&ascending=false 304 
2024-05-02T19:32:31.287Z [info]: ::1 - GET /shows 304 
2024-05-02T19:34:39.866Z [info]: ::1 - GET /shows/3 200 
2024-05-02T19:34:46.934Z [info]: ::1 - GET /rooms/1 200 
2024-05-02T19:37:17.252Z [info]: ::1 - GET /movies/3 304 
2024-05-02T19:37:17.271Z [info]: ::1 - GET /movies/3 304 
2024-05-02T19:39:07.643Z [info]: ::1 - GET /movies/4 200 
2024-05-02T19:39:07.649Z [info]: ::1 - GET /movies/4 304 
2024-05-02T19:39:08.599Z [info]: ::1 - GET /movies?limit=3&orderBy=id&ascending=false 304 
2024-05-02T19:39:08.603Z [info]: ::1 - GET /rooms 304 
2024-05-02T19:39:08.611Z [info]: ::1 - GET /shows 304 
2024-05-02T19:39:08.618Z [info]: ::1 - GET /rooms 304 
2024-05-02T19:39:08.622Z [info]: ::1 - GET /movies?limit=3&orderBy=id&ascending=false 304 
2024-05-02T19:39:08.625Z [info]: ::1 - GET /shows 304 
2024-05-02T19:39:09.624Z [info]: ::1 - GET /movies/3 304 
2024-05-02T19:39:09.638Z [info]: ::1 - GET /movies/3 304 
2024-05-02T19:39:10.665Z [info]: ::1 - GET /movies?limit=3&orderBy=id&ascending=false 304 
2024-05-02T19:39:10.667Z [info]: ::1 - GET /rooms 304 
2024-05-02T19:39:10.674Z [info]: ::1 - GET /shows 304 
2024-05-02T19:39:10.679Z [info]: ::1 - GET /movies?limit=3&orderBy=id&ascending=false 304 
2024-05-02T19:39:10.681Z [info]: ::1 - GET /rooms 304 
2024-05-02T19:39:10.685Z [info]: ::1 - GET /shows 304 
2024-05-02T19:39:11.359Z [info]: ::1 - GET /movies/2 304 
2024-05-02T19:39:11.367Z [info]: ::1 - GET /movies/2 304 
2024-05-02T19:39:12.488Z [info]: ::1 - GET /movies?limit=3&orderBy=id&ascending=false 304 
2024-05-02T19:39:12.492Z [info]: ::1 - GET /rooms 304 
2024-05-02T19:39:12.494Z [info]: ::1 - GET /shows 304 
2024-05-02T19:39:12.501Z [info]: ::1 - GET /movies?limit=3&orderBy=id&ascending=false 304 
2024-05-02T19:39:12.503Z [info]: ::1 - GET /rooms 304 
2024-05-02T19:39:12.506Z [info]: ::1 - GET /shows 304 
2024-05-02T19:39:13.380Z [info]: ::1 - GET /movies/3 304 
2024-05-02T19:39:13.390Z [info]: ::1 - GET /movies/3 304 
2024-05-02T19:39:13.909Z [info]: ::1 - GET /movies?limit=3&orderBy=id&ascending=false 304 
2024-05-02T19:39:13.913Z [info]: ::1 - GET /rooms 304 
2024-05-02T19:39:13.917Z [info]: ::1 - GET /shows 304 
2024-05-02T19:39:13.923Z [info]: ::1 - GET /movies?limit=3&orderBy=id&ascending=false 304 
2024-05-02T19:39:13.927Z [info]: ::1 - GET /rooms 304 
2024-05-02T19:39:13.930Z [info]: ::1 - GET /shows 304 
2024-05-02T19:39:14.590Z [info]: ::1 - GET /movies/4 304 
2024-05-02T19:39:14.598Z [info]: ::1 - GET /movies/4 304 
2024-05-02T19:39:16.529Z [info]: ::1 - GET /movies?limit=3&orderBy=id&ascending=false 304 
2024-05-02T19:39:16.531Z [info]: ::1 - GET /rooms 304 
2024-05-02T19:39:16.537Z [info]: ::1 - GET /shows 304 
2024-05-02T19:39:16.543Z [info]: ::1 - GET /rooms 304 
2024-05-02T19:39:16.548Z [info]: ::1 - GET /movies?limit=3&orderBy=id&ascending=false 304 
2024-05-02T19:39:16.549Z [info]: ::1 - GET /shows 304 
2024-05-02T19:39:17.479Z [info]: ::1 - GET /movies/4 304 
2024-05-02T19:39:17.489Z [info]: ::1 - GET /movies/4 304 
2024-05-02T19:39:30.416Z [info]: ::1 - GET /movies?limit=3&orderBy=id&ascending=false 304 
2024-05-02T19:39:30.424Z [info]: ::1 - GET /shows 304 
2024-05-02T19:39:30.426Z [info]: ::1 - GET /rooms 304 
2024-05-02T19:39:30.435Z [info]: ::1 - GET /movies?limit=3&orderBy=id&ascending=false 304 
2024-05-02T19:39:30.438Z [info]: ::1 - GET /rooms 304 
2024-05-02T19:39:30.439Z [info]: ::1 - GET /shows 304 
2024-05-02T19:39:40.510Z [info]: ::1 - GET /rooms/1 200 
2024-05-02T19:39:53.728Z [info]: ::1 - GET /movies/4 304 
2024-05-02T19:39:53.735Z [info]: ::1 - GET /movies/4 304 
2024-05-02T19:39:55.662Z [info]: ::1 - GET /movies/1 304 
2024-05-02T19:39:55.681Z [info]: ::1 - GET /movies/1 304 
2024-05-02T19:45:43.488Z [info]: ::1 - GET /movies/undefined 400 
2024-05-02T19:45:43.493Z [info]: ::1 - GET /movies/undefined 400 
2024-05-02T19:45:57.652Z [info]: ::1 - GET /movies/undefined 400 
2024-05-02T19:45:57.654Z [info]: ::1 - GET /movies/undefined 400 
2024-05-02T19:46:04.336Z [info]: ::1 - GET /movies/undefined 400 
2024-05-02T19:46:04.338Z [info]: ::1 - GET /movies/undefined 400 
2024-05-02T19:46:05.993Z [info]: ::1 - GET /movies/undefined 400 
2024-05-02T19:46:05.995Z [info]: ::1 - GET /movies/undefined 400 
2024-05-02T19:46:07.948Z [info]: ::1 - GET /movies/undefined 400 
2024-05-02T19:46:07.951Z [info]: ::1 - GET /movies/undefined 400 
2024-05-02T19:50:34.193Z [info]: ::1 - GET /movies/undefined 400 
2024-05-02T19:50:34.196Z [info]: ::1 - GET /movies/undefined 400 
2024-05-02T19:51:36.512Z [info]: ::1 - GET /movies/2 304 
2024-05-02T19:51:36.521Z [info]: ::1 - GET /movies/2 304 
2024-05-02T19:51:51.006Z [info]: ::1 - GET /movies/2 304 
2024-05-02T19:51:51.033Z [info]: ::1 - GET /movies/2 304 
2024-05-02T19:51:54.049Z [info]: ::1 - GET /movies/1 304 
2024-05-02T19:51:54.057Z [info]: ::1 - GET /movies/1 304 
2024-05-02T19:51:56.242Z [info]: ::1 - GET /movies/1 304 
2024-05-02T19:51:56.248Z [info]: ::1 - GET /movies/1 304 
2024-05-02T19:52:05.275Z [info]: ::1 - GET /movies/1 200 
2024-05-02T19:52:05.276Z [info]: ::1 - GET /movies/1 200 
2024-05-02T19:52:12.828Z [info]: ::1 - GET /rooms/1 200 
2024-05-02T19:52:24.095Z [info]: ::1 - GET /movies/1 304 
2024-05-02T19:52:24.102Z [info]: ::1 - GET /movies/1 304 
2024-05-02T19:52:37.883Z [info]: ::1 - GET /movies/4 200 
2024-05-02T19:52:47.869Z [info]: ::1 - GET /shows 304 
2024-05-02T19:52:47.877Z [info]: ::1 - GET /movies?limit=3&orderBy=id&ascending=false 304 
2024-05-02T19:52:47.879Z [info]: ::1 - GET /rooms 304 
2024-05-02T19:52:47.887Z [info]: ::1 - GET /shows 304 
2024-05-02T19:52:47.891Z [info]: ::1 - GET /rooms 304 
2024-05-02T19:52:47.893Z [info]: ::1 - GET /movies?limit=3&orderBy=id&ascending=false 304 
2024-05-02T19:52:49.395Z [info]: ::1 - GET /movies/4 304 
2024-05-02T19:52:49.404Z [info]: ::1 - GET /movies/4 304 
2024-05-02T19:52:51.095Z [info]: ::1 - GET /movies?limit=3&orderBy=id&ascending=false 304 
2024-05-02T19:52:51.100Z [info]: ::1 - GET /shows 304 
2024-05-02T19:52:51.102Z [info]: ::1 - GET /rooms 304 
2024-05-02T19:52:51.112Z [info]: ::1 - GET /movies?limit=3&orderBy=id&ascending=false 304 
2024-05-02T19:52:51.115Z [info]: ::1 - GET /rooms 304 
2024-05-02T19:52:51.116Z [info]: ::1 - GET /shows 304 
2024-05-02T19:52:51.617Z [info]: ::1 - GET /movies/4 304 
2024-05-02T19:52:51.625Z [info]: ::1 - GET /movies/4 304 
2024-05-02T19:52:52.740Z [info]: ::1 - GET /movies/4 304 
2024-05-02T19:52:52.746Z [info]: ::1 - GET /movies/4 304 
2024-05-02T19:53:05.837Z [info]: ::1 - GET /movies/undefined 400 
2024-05-02T19:53:05.839Z [info]: ::1 - GET /movies/undefined 400 
2024-05-02T19:53:06.494Z [info]: ::1 - GET /movies/undefined 400 
2024-05-02T19:53:06.497Z [info]: ::1 - GET /movies/undefined 400 
2024-05-02T19:53:15.681Z [info]: ::1 - GET /movies/4 304 
2024-05-02T19:53:15.690Z [info]: ::1 - GET /movies/4 304 
2024-05-02T19:53:16.502Z [info]: ::1 - GET /movies/2 304 
2024-05-02T19:53:16.512Z [info]: ::1 - GET /movies/2 304 
2024-05-02T19:53:18.867Z [info]: ::1 - GET /movies/4 304 
2024-05-02T19:53:18.875Z [info]: ::1 - GET /movies/4 304 
2024-05-02T19:53:21.305Z [info]: ::1 - GET /movies?limit=3&orderBy=id&ascending=false 304 
2024-05-02T19:53:21.322Z [info]: ::1 - GET /rooms 304 
2024-05-02T19:53:21.323Z [info]: ::1 - GET /shows 304 
2024-05-02T19:53:21.331Z [info]: ::1 - GET /movies?limit=3&orderBy=id&ascending=false 304 
2024-05-02T19:53:21.335Z [info]: ::1 - GET /rooms 304 
2024-05-02T19:53:21.339Z [info]: ::1 - GET /shows 304 
2024-05-02T19:53:27.327Z [info]: ::1 - GET /movies/4 304 
2024-05-02T19:53:27.333Z [info]: ::1 - GET /movies/4 304 
2024-05-02T19:53:28.405Z [info]: ::1 - GET /movies?limit=3&orderBy=id&ascending=false 304 
2024-05-02T19:53:28.411Z [info]: ::1 - GET /rooms 304 
2024-05-02T19:53:28.417Z [info]: ::1 - GET /shows 304 
2024-05-02T19:53:28.418Z [info]: ::1 - GET /movies?limit=3&orderBy=id&ascending=false 304 
2024-05-02T19:53:28.423Z [info]: ::1 - GET /rooms 304 
2024-05-02T19:53:28.426Z [info]: ::1 - GET /shows 304 
2024-05-02T19:53:29.152Z [info]: ::1 - GET /movies/3 304 
2024-05-02T19:53:29.159Z [info]: ::1 - GET /movies/3 304 
2024-05-02T19:53:29.710Z [info]: ::1 - GET /movies?limit=3&orderBy=id&ascending=false 304 
2024-05-02T19:53:29.714Z [info]: ::1 - GET /shows 304 
2024-05-02T19:53:29.715Z [info]: ::1 - GET /rooms 304 
2024-05-02T19:53:29.726Z [info]: ::1 - GET /movies?limit=3&orderBy=id&ascending=false 304 
2024-05-02T19:53:29.729Z [info]: ::1 - GET /shows 304 
2024-05-02T19:53:29.730Z [info]: ::1 - GET /rooms 304 
2024-05-02T19:53:30.362Z [info]: ::1 - GET /movies/2 304 
2024-05-02T19:53:30.369Z [info]: ::1 - GET /movies/2 304 
2024-05-02T19:53:41.627Z [info]: ::1 - GET /movies/4 200 
2024-05-02T19:53:44.417Z [info]: ::1 - GET /movies/2 200 
2024-05-02T19:53:47.367Z [info]: ::1 - GET /movies/3 200 
2024-05-02T19:53:49.088Z [info]: ::1 - GET /movies/1 200 
2024-05-02T19:54:01.536Z [info]: ::1 - GET /movies/1 304 
2024-05-02T19:54:01.547Z [info]: ::1 - GET /movies/1 304 
2024-05-02T19:54:21.692Z [info]: ::1 - GET /movies/1 304 
2024-05-02T19:54:21.702Z [info]: ::1 - GET /movies/1 304 
2024-05-02T19:55:05.952Z [info]: ::1 - GET /movies/2 304 
2024-05-02T19:55:05.959Z [info]: ::1 - GET /movies/2 304 
2024-05-02T19:55:08.880Z [info]: ::1 - GET /movies/1 304 
2024-05-02T19:55:08.887Z [info]: ::1 - GET /movies/1 304 
2024-05-02T19:56:07.493Z [info]: ::1 - GET /movies/1 304 
2024-05-02T19:56:07.504Z [info]: ::1 - GET /movies/1 304 
2024-05-02T19:56:27.031Z [info]: ::1 - GET /movies/1 304 
2024-05-02T19:56:27.060Z [info]: ::1 - GET /movies/1 304 
2024-05-02T19:56:31.561Z [info]: ::1 - GET /movies/1 304 
2024-05-02T19:56:31.567Z [info]: ::1 - GET /movies/1 304 
2024-05-02T19:56:55.101Z [info]: ::1 - GET /movies?limit=3&orderBy=id&ascending=false 304 
2024-05-02T19:56:55.105Z [info]: ::1 - GET /rooms 304 
2024-05-02T19:56:55.111Z [info]: ::1 - GET /shows 304 
2024-05-02T19:56:55.121Z [info]: ::1 - GET /movies?limit=3&orderBy=id&ascending=false 304 
2024-05-02T19:56:55.122Z [info]: ::1 - GET /rooms 304 
2024-05-02T19:56:55.126Z [info]: ::1 - GET /shows 304 
2024-05-02T19:56:57.493Z [info]: ::1 - GET /movies/2 304 
2024-05-02T19:56:57.502Z [info]: ::1 - GET /movies/2 304 
2024-05-02T19:56:58.308Z [info]: ::1 - GET /movies?limit=3&orderBy=id&ascending=false 304 
2024-05-02T19:56:58.311Z [info]: ::1 - GET /rooms 304 
2024-05-02T19:56:58.315Z [info]: ::1 - GET /shows 304 
2024-05-02T19:56:58.323Z [info]: ::1 - GET /movies?limit=3&orderBy=id&ascending=false 304 
2024-05-02T19:56:58.326Z [info]: ::1 - GET /rooms 304 
2024-05-02T19:56:58.329Z [info]: ::1 - GET /shows 304 
2024-05-02T19:56:59.206Z [info]: ::1 - GET /movies/3 304 
2024-05-02T19:56:59.213Z [info]: ::1 - GET /movies/3 304 
2024-05-02T19:57:00.059Z [info]: ::1 - GET /movies?limit=3&orderBy=id&ascending=false 304 
2024-05-02T19:57:00.061Z [info]: ::1 - GET /rooms 304 
2024-05-02T19:57:00.062Z [info]: ::1 - GET /shows 304 
2024-05-02T19:57:00.073Z [info]: ::1 - GET /movies?limit=3&orderBy=id&ascending=false 304 
2024-05-02T19:57:00.074Z [info]: ::1 - GET /rooms 304 
2024-05-02T19:57:00.076Z [info]: ::1 - GET /shows 304 
2024-05-02T20:13:50.589Z [info]: ::1 - GET /movies?ascending=false 200 
2024-05-02T20:13:50.602Z [info]: ::1 - GET /movies?ascending=false 304 
2024-05-02T20:14:14.332Z [info]: ::1 - GET /movies?ascending=false 304 
2024-05-02T20:14:21.414Z [info]: ::1 - GET /movies?ascending=false 304 
2024-05-02T20:14:24.533Z [info]: ::1 - GET /movies?ascending=false 304 
2024-05-02T20:15:05.235Z [info]: ::1 - GET /movies?ascending=false 304 
2024-05-02T20:15:05.241Z [info]: ::1 - GET /movies?ascending=false 304 
2024-05-02T20:15:12.821Z [info]: ::1 - GET /movies?ascending=false 304 
2024-05-02T20:15:12.829Z [info]: ::1 - GET /movies?ascending=false 304 
2024-05-02T20:15:13.769Z [info]: ::1 - GET /movies?limit=3&orderBy=id&ascending=false 304 
2024-05-02T20:15:13.777Z [info]: ::1 - GET /shows 304 
2024-05-02T20:15:13.778Z [info]: ::1 - GET /rooms 304 
2024-05-02T20:15:13.788Z [info]: ::1 - GET /movies?limit=3&orderBy=id&ascending=false 304 
2024-05-02T20:15:13.794Z [info]: ::1 - GET /rooms 304 
2024-05-02T20:15:13.795Z [info]: ::1 - GET /shows 304 
2024-05-02T20:15:14.549Z [info]: ::1 - GET /movies?ascending=false 304 
2024-05-02T20:15:14.556Z [info]: ::1 - GET /movies?ascending=false 304 
2024-05-02T20:15:15.577Z [info]: ::1 - GET /movies?limit=3&orderBy=id&ascending=false 304 
2024-05-02T20:15:15.579Z [info]: ::1 - GET /rooms 304 
2024-05-02T20:15:15.582Z [info]: ::1 - GET /shows 304 
2024-05-02T20:15:15.589Z [info]: ::1 - GET /movies?limit=3&orderBy=id&ascending=false 304 
2024-05-02T20:15:15.591Z [info]: ::1 - GET /rooms 304 
2024-05-02T20:15:15.594Z [info]: ::1 - GET /shows 304 
2024-05-02T20:15:16.854Z [info]: ::1 - GET /movies?ascending=false 304 
2024-05-02T20:15:16.861Z [info]: ::1 - GET /movies?ascending=false 304 
2024-05-02T20:15:17.991Z [info]: ::1 - GET /movies?limit=3&orderBy=id&ascending=false 304 
2024-05-02T20:15:17.992Z [info]: ::1 - GET /rooms 304 
2024-05-02T20:15:17.997Z [info]: ::1 - GET /shows 304 
2024-05-02T20:15:18.001Z [info]: ::1 - GET /rooms 304 
2024-05-02T20:15:18.003Z [info]: ::1 - GET /movies?limit=3&orderBy=id&ascending=false 304 
2024-05-02T20:15:18.005Z [info]: ::1 - GET /shows 304 
2024-05-02T20:15:19.369Z [info]: ::1 - GET /movies?ascending=false 304 
2024-05-02T20:15:19.378Z [info]: ::1 - GET /movies?ascending=false 304 
2024-05-02T20:15:20.820Z [info]: ::1 - GET /movies?limit=3&orderBy=id&ascending=false 304 
2024-05-02T20:15:20.822Z [info]: ::1 - GET /rooms 304 
2024-05-02T20:15:20.824Z [info]: ::1 - GET /shows 304 
2024-05-02T20:15:20.831Z [info]: ::1 - GET /movies?limit=3&orderBy=id&ascending=false 304 
2024-05-02T20:15:20.833Z [info]: ::1 - GET /rooms 304 
2024-05-02T20:15:20.834Z [info]: ::1 - GET /shows 304 
2024-05-02T20:15:31.535Z [info]: ::1 - GET /movies?ascending=false 304 
2024-05-02T20:15:31.543Z [info]: ::1 - GET /movies?ascending=false 304 
2024-05-02T20:15:32.538Z [info]: ::1 - GET /shows 304 
2024-05-02T20:15:32.542Z [info]: ::1 - GET /rooms 304 
2024-05-02T20:15:32.545Z [info]: ::1 - GET /movies?limit=3&orderBy=id&ascending=false 304 
2024-05-02T20:15:32.551Z [info]: ::1 - GET /shows 304 
2024-05-02T20:15:32.554Z [info]: ::1 - GET /rooms 304 
2024-05-02T20:15:32.558Z [info]: ::1 - GET /movies?limit=3&orderBy=id&ascending=false 304 
2024-05-02T20:15:49.432Z [info]: ::1 - GET /movies?ascending=false 304 
2024-05-02T20:15:49.440Z [info]: ::1 - GET /movies?ascending=false 304 
2024-05-02T20:18:01.148Z [info]: ::1 - GET /movies?ascending=false 304 
2024-05-02T20:18:01.183Z [info]: ::1 - GET /movies?ascending=false 304 
2024-05-02T20:18:16.776Z [info]: ::1 - GET /movies?ascending=false 304 
2024-05-02T20:18:16.783Z [info]: ::1 - GET /movies?ascending=false 304 
2024-05-02T20:18:20.110Z [info]: ::1 - GET /movies?ascending=false 304 
2024-05-02T20:18:20.119Z [info]: ::1 - GET /movies?ascending=false 304 
2024-05-02T20:18:20.911Z [info]: ::1 - GET /shows 304 
2024-05-02T20:18:20.918Z [info]: ::1 - GET /rooms 304 
2024-05-02T20:18:20.924Z [info]: ::1 - GET /movies?limit=3&orderBy=id&ascending=false 304 
2024-05-02T20:18:20.926Z [info]: ::1 - GET /shows 304 
2024-05-02T20:18:20.929Z [info]: ::1 - GET /rooms 304 
2024-05-02T20:18:20.936Z [info]: ::1 - GET /movies?limit=3&orderBy=id&ascending=false 304 
2024-05-02T20:18:24.968Z [info]: ::1 - GET /movies/4 304 
2024-05-02T20:18:24.977Z [info]: ::1 - GET /movies/4 304 
2024-05-02T20:18:27.301Z [info]: ::1 - GET /movies?limit=3&orderBy=id&ascending=false 304 
2024-05-02T20:18:27.306Z [info]: ::1 - GET /rooms 304 
2024-05-02T20:18:27.312Z [info]: ::1 - GET /shows 304 
2024-05-02T20:18:27.313Z [info]: ::1 - GET /movies?limit=3&orderBy=id&ascending=false 304 
2024-05-02T20:18:27.318Z [info]: ::1 - GET /rooms 304 
2024-05-02T20:18:27.322Z [info]: ::1 - GET /shows 304 
2024-05-02T20:18:27.982Z [info]: ::1 - GET /movies/3 304 
2024-05-02T20:18:27.990Z [info]: ::1 - GET /movies/3 304 
2024-05-02T20:18:30.527Z [info]: ::1 - GET /movies?limit=3&orderBy=id&ascending=false 304 
2024-05-02T20:18:30.530Z [info]: ::1 - GET /rooms 304 
2024-05-02T20:18:30.538Z [info]: ::1 - GET /shows 304 
2024-05-02T20:18:30.545Z [info]: ::1 - GET /movies?limit=3&orderBy=id&ascending=false 304 
2024-05-02T20:18:30.548Z [info]: ::1 - GET /rooms 304 
2024-05-02T20:18:30.551Z [info]: ::1 - GET /shows 304 
2024-05-02T20:18:31.479Z [info]: ::1 - GET /movies/2 304 
2024-05-02T20:18:31.487Z [info]: ::1 - GET /movies/2 304 
2024-05-02T20:18:33.347Z [info]: ::1 - GET /movies?limit=3&orderBy=id&ascending=false 304 
2024-05-02T20:18:33.351Z [info]: ::1 - GET /rooms 304 
2024-05-02T20:18:33.360Z [info]: ::1 - GET /shows 304 
2024-05-02T20:18:33.368Z [info]: ::1 - GET /movies?limit=3&orderBy=id&ascending=false 304 
2024-05-02T20:18:33.373Z [info]: ::1 - GET /rooms 304 
2024-05-02T20:18:33.387Z [info]: ::1 - GET /shows 304 
2024-05-02T20:18:34.161Z [info]: ::1 - GET /movies/4 304 
2024-05-02T20:18:34.168Z [info]: ::1 - GET /movies/4 304 
2024-05-02T20:18:39.139Z [info]: ::1 - GET /movies?limit=3&orderBy=id&ascending=false 304 
2024-05-02T20:18:39.147Z [info]: ::1 - GET /rooms 304 
2024-05-02T20:18:39.154Z [info]: ::1 - GET /shows 304 
2024-05-02T20:18:39.155Z [info]: ::1 - GET /movies?limit=3&orderBy=id&ascending=false 304 
2024-05-02T20:18:39.161Z [info]: ::1 - GET /rooms 304 
2024-05-02T20:18:39.165Z [info]: ::1 - GET /shows 304 
2024-05-02T20:18:41.988Z [info]: ::1 - GET /movies?ascending=false 304 
2024-05-02T20:18:41.996Z [info]: ::1 - GET /movies?ascending=false 304 
2024-05-02T20:25:19.347Z [info]: ::1 - GET /movies?limit=3&orderBy=id&ascending=false 304 
2024-05-02T20:25:19.375Z [info]: ::1 - GET /shows 304 
2024-05-02T20:25:19.397Z [info]: ::1 - GET /rooms 304 
2024-05-02T20:25:19.407Z [info]: ::1 - GET /movies?limit=3&orderBy=id&ascending=false 304 
2024-05-02T20:25:19.412Z [info]: ::1 - GET /rooms 304 
2024-05-02T20:25:19.415Z [info]: ::1 - GET /shows 304 
2024-05-02T20:25:21.539Z [info]: ::1 - GET /rooms 304 
2024-05-02T20:25:21.540Z [info]: ::1 - GET /movies?limit=3&orderBy=id&ascending=false 304 
2024-05-02T20:25:21.542Z [info]: ::1 - GET /shows 304 
2024-05-02T20:25:21.555Z [info]: ::1 - GET /rooms 304 
2024-05-02T20:25:21.560Z [info]: ::1 - GET /movies?limit=3&orderBy=id&ascending=false 304 
2024-05-02T20:25:21.561Z [info]: ::1 - GET /shows 304 
2024-05-02T20:25:38.975Z [info]: ::1 - GET /movies?limit=3&orderBy=id&ascending=false 304 
2024-05-02T20:25:38.982Z [info]: ::1 - GET /shows 304 
2024-05-02T20:25:38.983Z [info]: ::1 - GET /rooms 304 
2024-05-02T20:25:38.996Z [info]: ::1 - GET /movies?limit=3&orderBy=id&ascending=false 304 
2024-05-02T20:25:39.000Z [info]: ::1 - GET /shows 304 
2024-05-02T20:25:39.001Z [info]: ::1 - GET /rooms 304 
2024-05-02T20:25:40.443Z [info]: ::1 - GET /movies?limit=3&orderBy=id&ascending=false 304 
2024-05-02T20:25:40.444Z [info]: ::1 - GET /shows 304 
2024-05-02T20:25:40.445Z [info]: ::1 - GET /rooms 304 
2024-05-02T20:25:40.455Z [info]: ::1 - GET /movies?limit=3&orderBy=id&ascending=false 304 
2024-05-02T20:25:40.458Z [info]: ::1 - GET /rooms 304 
2024-05-02T20:25:40.459Z [info]: ::1 - GET /shows 304 
2024-05-02T20:25:57.359Z [info]: ::1 - GET /movies?limit=3&orderBy=id&ascending=false 304 
2024-05-02T20:25:57.364Z [info]: ::1 - GET /shows 304 
2024-05-02T20:25:57.365Z [info]: ::1 - GET /rooms 304 
2024-05-02T20:25:57.373Z [info]: ::1 - GET /movies?limit=3&orderBy=id&ascending=false 304 
2024-05-02T20:25:57.379Z [info]: ::1 - GET /rooms 304 
2024-05-02T20:25:57.380Z [info]: ::1 - GET /shows 304 
2024-05-02T20:25:58.805Z [info]: ::1 - GET /movies?limit=3&orderBy=id&ascending=false 304 
2024-05-02T20:25:58.806Z [info]: ::1 - GET /rooms 304 
2024-05-02T20:25:58.814Z [info]: ::1 - GET /shows 304 
2024-05-02T20:25:58.824Z [info]: ::1 - GET /rooms 304 
2024-05-02T20:25:58.827Z [info]: ::1 - GET /movies?limit=3&orderBy=id&ascending=false 304 
2024-05-02T20:25:58.829Z [info]: ::1 - GET /shows 304 
2024-05-02T20:26:03.741Z [info]: ::1 - GET /movies?ascending=false 304 
2024-05-02T20:26:03.748Z [info]: ::1 - GET /movies?ascending=false 304 
2024-05-02T20:26:20.871Z [info]: ::1 - GET /movies?ascending=false 304 
2024-05-02T20:26:20.878Z [info]: ::1 - GET /movies?ascending=false 304 
2024-05-02T20:26:55.210Z [info]: ::1 - GET /movies?limit=3&orderBy=id&ascending=false 304 
2024-05-02T20:26:55.215Z [info]: ::1 - GET /shows 304 
2024-05-02T20:26:55.217Z [info]: ::1 - GET /rooms 304 
2024-05-02T20:26:55.226Z [info]: ::1 - GET /movies?limit=3&orderBy=id&ascending=false 304 
2024-05-02T20:26:55.229Z [info]: ::1 - GET /rooms 304 
2024-05-02T20:26:55.229Z [info]: ::1 - GET /shows 304 
2024-05-02T20:35:25.489Z [info]: ::1 - GET /shows?limit=3&orderBy=startAt&ascending=false&startAtMin=Thu+May+02+2024+22%3A35%3A25+GMT%2B0200+%28heure+d%E2%80%99%C3%A9t%C3%A9+d%E2%80%99Europe+centrale%29 500 
2024-05-02T20:35:25.507Z [info]: ::1 - GET /movies?limit=3&orderBy=id&ascending=false 304 
2024-05-02T20:35:25.510Z [info]: ::1 - GET /rooms 304 
2024-05-02T20:37:29.673Z [info]: ::1 - GET /shows?limit=3&orderBy=startAt&ascending=false&startAtMin=Thu+May+02+2024+22%3A37%3A06+GMT%2B0200+%28heure+d%E2%80%99%C3%A9t%C3%A9+d%E2%80%99Europe+centrale%29 500 
2024-05-02T20:39:28.703Z [info]: ::1 - GET /movies?limit=3&orderBy=id&ascending=false 200 
2024-05-02T20:39:41.695Z [info]: ::1 - GET /rooms 500 
2024-05-02T20:39:41.697Z [info]: ::1 - GET /movies?limit=3&orderBy=id&ascending=false 500 
2024-05-02T20:39:41.702Z [info]: ::1 - GET /shows?limit=3&orderBy=startAt&ascending=false&startAtMin=Thu+May+02+2024+22%3A39%3A06+GMT%2B0200+%28heure+d%E2%80%99%C3%A9t%C3%A9+d%E2%80%99Europe+centrale%29 500 
2024-05-02T20:39:53.728Z [info]: ::1 - GET /shows?limit=3&orderBy=startAt&ascending=false&startAtMin=Thu+May+02+2024+22%3A39%3A06+GMT%2B0200+%28heure+d%E2%80%99%C3%A9t%C3%A9+d%E2%80%99Europe+centrale%29 200 
2024-05-02T20:39:53.735Z [info]: ::1 - GET /rooms 500 
2024-05-02T20:40:07.340Z [info]: ::1 - GET /shows?limit=3&orderBy=startAt&ascending=false&startAtMin=Thu+May+02+2024+22%3A40%3A07+GMT%2B0200+%28heure+d%E2%80%99%C3%A9t%C3%A9+d%E2%80%99Europe+centrale%29 200 
2024-05-02T20:40:07.359Z [info]: ::1 - GET /shows?limit=3&orderBy=startAt&ascending=false&startAtMin=Thu+May+02+2024+22%3A40%3A07+GMT%2B0200+%28heure+d%E2%80%99%C3%A9t%C3%A9+d%E2%80%99Europe+centrale%29 304 
2024-05-02T20:40:07.381Z [info]: ::1 - GET /rooms 200 
2024-05-02T20:40:07.384Z [info]: ::1 - GET /movies?limit=3&orderBy=id&ascending=false 304 
2024-05-02T20:40:07.400Z [info]: ::1 - GET /rooms 304 
2024-05-02T20:40:07.408Z [info]: ::1 - GET /movies?limit=3&orderBy=id&ascending=false 304 
2024-05-02T20:40:09.982Z [info]: ::1 - GET /shows?limit=3&orderBy=startAt&ascending=false&startAtMin=Thu+May+02+2024+22%3A40%3A09+GMT%2B0200+%28heure+d%E2%80%99%C3%A9t%C3%A9+d%E2%80%99Europe+centrale%29 200 
2024-05-02T20:40:09.988Z [info]: ::1 - GET /movies?limit=3&orderBy=id&ascending=false 304 
2024-05-02T20:40:09.990Z [info]: ::1 - GET /rooms 304 
2024-05-02T20:40:10.002Z [info]: ::1 - GET /shows?limit=3&orderBy=startAt&ascending=false&startAtMin=Thu+May+02+2024+22%3A40%3A09+GMT%2B0200+%28heure+d%E2%80%99%C3%A9t%C3%A9+d%E2%80%99Europe+centrale%29 304 
2024-05-02T20:40:10.005Z [info]: ::1 - GET /rooms 304 
2024-05-02T20:40:10.006Z [info]: ::1 - GET /movies?limit=3&orderBy=id&ascending=false 304 
2024-05-02T20:43:00.286Z [info]: ::1 - GET /shows?limit=3&orderBy=startAt&ascending=false&startAtMin=2024-05-02T20%3A43%3A00.262Z 200 
2024-05-02T20:43:00.294Z [info]: ::1 - GET /movies?limit=3&orderBy=id&ascending=false 304 
2024-05-02T20:43:00.295Z [info]: ::1 - GET /rooms 304 
2024-05-02T20:43:18.275Z [info]: ::1 - GET /shows?limit=3&orderBy=startAt&ascending=false&startAtMin=2024-05-02T20%3A43%3A18.257Z 200 
2024-05-02T20:43:18.284Z [info]: ::1 - GET /rooms 304 
2024-05-02T20:43:18.288Z [info]: ::1 - GET /movies?limit=3&orderBy=id&ascending=false 304 
2024-05-02T20:43:20.173Z [info]: ::1 - GET /shows?limit=3&orderBy=startAt&ascending=false&startAtMin=2024-05-02T20%3A43%3A20.124Z 200 
2024-05-02T20:43:20.178Z [info]: ::1 - GET /rooms 304 
2024-05-02T20:43:20.180Z [info]: ::1 - GET /movies?limit=3&orderBy=id&ascending=false 304 
2024-05-02T20:43:20.191Z [info]: ::1 - GET /rooms 304 
2024-05-02T20:43:20.192Z [info]: ::1 - GET /shows?limit=3&orderBy=startAt&ascending=false&startAtMin=2024-05-02T20%3A43%3A20.125Z 200 
2024-05-02T20:43:20.195Z [info]: ::1 - GET /movies?limit=3&orderBy=id&ascending=false 304 
2024-05-02T20:43:27.780Z [info]: ::1 - GET /movies/4 304 
2024-05-02T20:43:27.788Z [info]: ::1 - GET /movies/4 304 
2024-05-02T20:43:29.152Z [info]: ::1 - GET /movies?limit=3&orderBy=id&ascending=false 304 
2024-05-02T20:43:29.155Z [info]: ::1 - GET /shows?limit=3&orderBy=startAt&ascending=false&startAtMin=2024-05-02T20%3A43%3A29.132Z 200 
2024-05-02T20:43:29.158Z [info]: ::1 - GET /rooms 304 
2024-05-02T20:43:29.165Z [info]: ::1 - GET /movies?limit=3&orderBy=id&ascending=false 304 
2024-05-02T20:43:29.167Z [info]: ::1 - GET /shows?limit=3&orderBy=startAt&ascending=false&startAtMin=2024-05-02T20%3A43%3A29.132Z 304 
2024-05-02T20:43:29.168Z [info]: ::1 - GET /rooms 304 
2024-05-02T20:43:29.922Z [info]: ::1 - GET /rooms 200 
2024-05-02T20:43:29.935Z [info]: ::1 - GET /movies?limit=3&orderBy=id&ascending=false 200 
2024-05-02T20:43:29.936Z [info]: ::1 - GET /movies?limit=3&orderBy=id&ascending=false 200 
2024-05-02T20:43:29.938Z [info]: ::1 - GET /rooms 200 
2024-05-02T20:43:29.940Z [info]: ::1 - GET /shows?limit=3&orderBy=startAt&ascending=false&startAtMin=2024-05-02T20%3A43%3A29.898Z 200 
2024-05-02T20:43:29.943Z [info]: ::1 - GET /shows?limit=3&orderBy=startAt&ascending=false&startAtMin=2024-05-02T20%3A43%3A29.899Z 200 
2024-05-02T20:44:09.783Z [info]: ::1 - GET /shows?limit=3&orderBy=startAt&ascending=false&startAtMin=2024-05-02T20%3A43%3A43.770Z 200 
2024-05-02T20:44:13.169Z [info]: ::1 - GET /shows?limit=3&orderBy=startAt&ascending=false&startAtMin=2024-05-02T20%3A43%3A43.771Z 200 
2024-05-02T20:44:13.179Z [info]: ::1 - GET /movies?limit=3&orderBy=id&ascending=false 304 
2024-05-02T20:44:13.181Z [info]: ::1 - GET /rooms 304 
2024-05-02T20:44:13.186Z [info]: ::1 - GET /rooms 200 
2024-05-02T20:44:13.189Z [info]: ::1 - GET /movies?limit=3&orderBy=id&ascending=false 200 
2024-05-02T20:44:40.949Z [info]: ::1 - GET /movies/4 304 
2024-05-02T20:44:40.959Z [info]: ::1 - GET /movies/4 304 
2024-05-02T20:44:47.902Z [info]: ::1 - GET /shows?limit=3&orderBy=startAt&ascending=false&startAtMin=2024-05-02T20%3A44%3A43.834Z 200 
2024-05-02T20:44:47.917Z [info]: ::1 - GET /movies/4 304 
2024-05-02T20:44:47.924Z [info]: ::1 - GET /movies?limit=3&orderBy=id&ascending=false 304 
2024-05-02T20:44:47.927Z [info]: ::1 - GET /rooms 304 
2024-05-02T20:44:47.936Z [info]: ::1 - GET /movies/4 304 
2024-05-02T20:44:47.940Z [info]: ::1 - GET /shows?limit=3&orderBy=startAt&ascending=false&startAtMin=2024-05-02T20%3A44%3A43.834Z 304 
2024-05-02T20:44:47.942Z [info]: ::1 - GET /movies?limit=3&orderBy=id&ascending=false 304 
2024-05-02T20:44:47.944Z [info]: ::1 - GET /rooms 304 
2024-05-02T20:45:12.518Z [info]: ::1 - POST /shows 400 
2024-05-02T20:45:19.292Z [info]: ::1 - GET /shows?limit=3&orderBy=startAt&ascending=false&startAtMin=2024-05-02T20%3A45%3A19.268Z 200 
2024-05-02T20:45:19.299Z [info]: ::1 - GET /shows?limit=3&orderBy=startAt&ascending=false&startAtMin=2024-05-02T20%3A45%3A19.269Z 200 
2024-05-02T20:45:19.301Z [info]: ::1 - GET /movies?limit=3&orderBy=id&ascending=false 304 
2024-05-02T20:45:19.303Z [info]: ::1 - GET /rooms 304 
2024-05-02T20:45:19.314Z [info]: ::1 - GET /rooms 304 
2024-05-02T20:45:19.315Z [info]: ::1 - GET /movies?limit=3&orderBy=id&ascending=false 304 
2024-05-02T20:45:27.691Z [info]: ::1 - POST /shows 500 
2024-05-02T20:45:30.987Z [info]: ::1 - POST /shows 500 
2024-05-02T20:45:44.367Z [info]: ::1 - POST /shows 500 
2024-05-02T20:45:48.546Z [info]: ::1 - POST /shows 400 
2024-05-02T20:45:57.459Z [info]: ::1 - POST /shows 500 
2024-05-02T20:46:00.275Z [info]: ::1 - POST /shows 400 
2024-05-02T20:46:04.372Z [info]: ::1 - POST /shows 500 
2024-05-02T20:47:01.502Z [info]: ::1 - POST /shows 500 
2024-05-02T20:47:12.253Z [info]: ::1 - POST /shows 500 
2024-05-02T20:47:34.637Z [info]: ::1 - POST /shows 201 
2024-05-02T20:47:50.561Z [info]: ::1 - POST /shows 201 
2024-05-02T20:47:52.919Z [info]: ::1 - GET /shows?limit=3&orderBy=startAt&ascending=false&startAtMin=2024-05-02T20%3A47%3A52.885Z 200 
2024-05-02T20:47:52.940Z [info]: ::1 - GET /rooms 304 
2024-05-02T20:47:52.944Z [info]: ::1 - GET /shows?limit=3&orderBy=startAt&ascending=false&startAtMin=2024-05-02T20%3A47%3A52.885Z 304 
2024-05-02T20:47:52.951Z [info]: ::1 - GET /movies?limit=3&orderBy=id&ascending=false 304 
2024-05-02T20:47:52.954Z [info]: ::1 - GET /rooms 304 
2024-05-02T20:47:52.962Z [info]: ::1 - GET /movies?limit=3&orderBy=id&ascending=false 304 
2024-05-02T20:48:01.416Z [info]: ::1 - GET /shows?limit=3&orderBy=startAt&ascending=false&startAtMin=2024-05-02T20%3A48%3A01.398Z 200 
2024-05-02T20:48:01.429Z [info]: ::1 - GET /movies?limit=3&orderBy=id&ascending=false 200 
2024-05-02T20:48:01.443Z [info]: ::1 - GET /movies?limit=3&orderBy=id&ascending=false 200 
2024-05-02T20:48:01.444Z [info]: ::1 - GET /shows?limit=3&orderBy=startAt&ascending=false&startAtMin=2024-05-02T20%3A48%3A01.398Z 200 
2024-05-02T20:48:01.446Z [info]: ::1 - GET /rooms 200 
2024-05-02T20:48:01.449Z [info]: ::1 - GET /rooms 200 
2024-05-02T20:48:18.225Z [info]: ::1 - POST /shows 201 
2024-05-02T20:48:26.446Z [info]: ::1 - GET /shows 200 
2024-05-02T20:48:59.462Z [info]: ::1 - GET /shows 200 
2024-05-02T20:49:34.762Z [info]: ::1 - GET /shows 200 
2024-05-02T20:49:50.886Z [info]: ::1 - POST /shows 500 
2024-05-02T20:50:34.385Z [info]: ::1 - POST /shows 500 
2024-05-02T20:51:01.016Z [info]: ::1 - POST /shows 400 
2024-05-02T20:51:20.264Z [info]: ::1 - POST /movies 201 
2024-05-02T20:52:05.721Z [info]: ::1 - POST /movies 201 
2024-05-02T20:52:14.040Z [info]: ::1 - POST /movies 201 
2024-05-02T20:52:25.325Z [info]: ::1 - POST /shows 201 
2024-05-02T20:52:28.912Z [info]: ::1 - GET /shows?limit=3&orderBy=startAt&ascending=false&startAtMin=2024-05-02T20%3A52%3A28.891Z 200 
2024-05-02T20:52:28.922Z [info]: ::1 - GET /shows?limit=3&orderBy=startAt&ascending=false&startAtMin=2024-05-02T20%3A52%3A28.892Z 200 
2024-05-02T20:52:28.927Z [info]: ::1 - GET /rooms 304 
2024-05-02T20:52:28.933Z [info]: ::1 - GET /movies?limit=3&orderBy=id&ascending=false 200 
2024-05-02T20:52:28.938Z [info]: ::1 - GET /rooms 304 
2024-05-02T20:52:28.943Z [info]: ::1 - GET /movies?limit=3&orderBy=id&ascending=false 304 
2024-05-02T20:53:03.063Z [info]: ::1 - POST /shows 500 
2024-05-02T20:53:32.340Z [info]: ::1 - GET /movies?ascending=false 200 
2024-05-02T20:53:32.348Z [info]: ::1 - GET /movies?ascending=false 304 
2024-05-02T20:53:47.133Z [info]: ::1 - GET /movies?ascending=false 304 
2024-05-02T20:53:47.141Z [info]: ::1 - GET /movies?ascending=false 304 
2024-05-02T20:53:49.510Z [info]: ::1 - GET /shows?limit=3&orderBy=startAt&ascending=false&startAtMin=2024-05-02T20%3A53%3A49.495Z 200 
2024-05-02T20:53:49.513Z [info]: ::1 - GET /shows?limit=3&orderBy=startAt&ascending=false&startAtMin=2024-05-02T20%3A53%3A49.496Z 200 
2024-05-02T20:53:49.515Z [info]: ::1 - GET /rooms 304 
2024-05-02T20:53:49.516Z [info]: ::1 - GET /movies?limit=3&orderBy=id&ascending=false 304 
2024-05-02T20:53:49.519Z [info]: ::1 - GET /rooms 304 
2024-05-02T20:53:49.521Z [info]: ::1 - GET /movies?limit=3&orderBy=id&ascending=false 304 
2024-05-02T20:57:41.632Z [info]: ::1 - GET /shows?ascending=false 200 
2024-05-02T20:57:41.652Z [info]: ::1 - GET /shows?ascending=false 304 
2024-05-02T20:57:45.195Z [info]: ::1 - GET /movies?ascending=false 304 
2024-05-02T20:57:45.202Z [info]: ::1 - GET /movies?ascending=false 304 
2024-05-02T20:57:46.253Z [info]: ::1 - GET /shows?ascending=false 304 
2024-05-02T20:57:46.262Z [info]: ::1 - GET /shows?ascending=false 304 
2024-05-02T20:58:12.714Z [info]: ::1 - GET /movies?ascending=false 304 
2024-05-02T20:58:12.720Z [info]: ::1 - GET /movies?ascending=false 304 
2024-05-02T20:59:03.950Z [info]: ::1 - GET /movies?ascending=false 304 
2024-05-02T20:59:03.959Z [info]: ::1 - GET /movies?ascending=false 304 
2024-05-02T20:59:04.855Z [info]: ::1 - GET /shows?ascending=false 304 
2024-05-02T20:59:04.863Z [info]: ::1 - GET /shows?ascending=false 304 
2024-05-02T21:00:01.495Z [info]: ::1 - GET /shows?limit=3&orderBy=startAt&ascending=false&startAtMin=2024-05-02T21%3A00%3A01.476Z 200 
2024-05-02T21:00:01.499Z [info]: ::1 - GET /rooms 304 
2024-05-02T21:00:01.503Z [info]: ::1 - GET /movies?limit=3&orderBy=id&ascending=false 304 
2024-05-02T21:00:01.507Z [info]: ::1 - GET /rooms 304 
2024-05-02T21:00:01.509Z [info]: ::1 - GET /shows?limit=3&orderBy=startAt&ascending=false&startAtMin=2024-05-02T21%3A00%3A01.476Z 304 
2024-05-02T21:00:01.511Z [info]: ::1 - GET /movies?limit=3&orderBy=id&ascending=false 304 
2024-05-02T21:00:02.677Z [info]: ::1 - GET /movies?ascending=false 304 
2024-05-02T21:00:02.699Z [info]: ::1 - GET /movies?ascending=false 304 
2024-05-02T21:00:04.820Z [info]: ::1 - GET /shows?ascending=false 304 
2024-05-02T21:00:04.825Z [info]: ::1 - GET /shows?ascending=false 304 
2024-05-02T21:00:07.016Z [info]: ::1 - GET /shows?ascending=false 304 
2024-05-02T21:00:07.023Z [info]: ::1 - GET /shows?ascending=false 304 
2024-05-02T21:00:07.668Z [info]: ::1 - GET /shows?ascending=false 304 
2024-05-02T21:00:07.673Z [info]: ::1 - GET /shows?ascending=false 304 
2024-05-02T21:00:08.244Z [info]: ::1 - GET /movies?ascending=false 304 
2024-05-02T21:00:08.249Z [info]: ::1 - GET /movies?ascending=false 304 
2024-05-02T21:00:09.117Z [info]: ::1 - GET /shows?limit=3&orderBy=startAt&ascending=false&startAtMin=2024-05-02T21%3A00%3A09.106Z 200 
2024-05-02T21:00:09.120Z [info]: ::1 - GET /movies?limit=3&orderBy=id&ascending=false 304 
2024-05-02T21:00:09.122Z [info]: ::1 - GET /shows?limit=3&orderBy=startAt&ascending=false&startAtMin=2024-05-02T21%3A00%3A09.107Z 200 
2024-05-02T21:00:09.123Z [info]: ::1 - GET /rooms 304 
2024-05-02T21:00:09.126Z [info]: ::1 - GET /movies?limit=3&orderBy=id&ascending=false 304 
2024-05-02T21:00:09.126Z [info]: ::1 - GET /rooms 304 
2024-05-02T21:00:09.725Z [info]: ::1 - GET /movies?ascending=false 304 
2024-05-02T21:00:09.729Z [info]: ::1 - GET /movies?ascending=false 304 
2024-05-02T21:00:10.935Z [info]: ::1 - GET /shows?ascending=false 304 
2024-05-02T21:00:10.940Z [info]: ::1 - GET /shows?ascending=false 304 
2024-05-02T21:00:13.489Z [info]: ::1 - GET /shows?ascending=false 304 
2024-05-02T21:00:13.494Z [info]: ::1 - GET /shows?ascending=false 304 
2024-05-02T21:00:20.385Z [info]: ::1 - GET /shows?limit=3&orderBy=startAt&ascending=false&startAtMin=2024-05-02T21%3A00%3A20.369Z 200 
2024-05-02T21:00:20.386Z [info]: ::1 - GET /movies?limit=3&orderBy=id&ascending=false 304 
2024-05-02T21:00:20.387Z [info]: ::1 - GET /rooms 304 
2024-05-02T21:00:20.389Z [info]: ::1 - GET /shows?limit=3&orderBy=startAt&ascending=false&startAtMin=2024-05-02T21%3A00%3A20.370Z 200 
2024-05-02T21:00:20.391Z [info]: ::1 - GET /rooms 304 
2024-05-02T21:00:20.392Z [info]: ::1 - GET /movies?limit=3&orderBy=id&ascending=false 304 
2024-05-02T21:00:27.160Z [info]: ::1 - GET /movies?ascending=false 304 
2024-05-02T21:00:27.163Z [info]: ::1 - GET /movies?ascending=false 304 
2024-05-02T21:00:32.861Z [info]: ::1 - GET /movies/5 200 
2024-05-02T21:00:32.868Z [info]: ::1 - GET /movies/5 304 
2024-05-02T21:00:33.780Z [info]: ::1 - GET /movies?ascending=false 304 
2024-05-02T21:00:33.787Z [info]: ::1 - GET /movies?ascending=false 304 
2024-05-02T21:00:34.438Z [info]: ::1 - GET /movies/4 304 
2024-05-02T21:00:34.445Z [info]: ::1 - GET /movies/4 304 
2024-05-02T21:00:35.077Z [info]: ::1 - GET /movies?ascending=false 304 
2024-05-02T21:00:35.083Z [info]: ::1 - GET /movies?ascending=false 304 
2024-05-02T21:00:36.064Z [info]: ::1 - GET /movies/5 304 
2024-05-02T21:00:36.069Z [info]: ::1 - GET /movies/5 304 
2024-05-02T21:01:13.667Z [info]: ::1 - GET /movies?ascending=false 304 
2024-05-02T21:01:13.676Z [info]: ::1 - GET /movies?ascending=false 304 
2024-05-02T21:01:15.457Z [info]: ::1 - GET /movies?ascending=false 304 
2024-05-02T21:01:15.462Z [info]: ::1 - GET /movies?ascending=false 304 
2024-05-02T21:01:16.772Z [info]: ::1 - GET /shows?ascending=false 304 
2024-05-02T21:01:16.776Z [info]: ::1 - GET /shows?ascending=false 304 
2024-05-02T21:03:46.566Z [info]: ::1 - GET /shows?ascending=false 304 
2024-05-02T21:03:46.573Z [info]: ::1 - GET /shows?ascending=false 304 
2024-05-02T21:03:47.081Z [info]: ::1 - GET /movies?ascending=false 304 
2024-05-02T21:03:47.086Z [info]: ::1 - GET /movies?ascending=false 304 
2024-05-02T21:05:28.606Z [info]: ::1 - GET /rooms?ascending=false 400 
2024-05-02T21:05:28.613Z [info]: ::1 - GET /rooms?ascending=false 400 
2024-05-02T21:07:57.260Z [info]: ::1 - GET /rooms?ascending=false 200 
2024-05-02T21:07:57.265Z [info]: ::1 - GET /rooms?ascending=false 304 
2024-05-02T21:11:02.386Z [info]: ::1 - GET /rooms?ascending=false 304 
2024-05-02T21:11:03.614Z [info]: ::1 - GET /rooms?ascending=false 304 
2024-05-02T21:11:10.190Z [info]: ::1 - GET /rooms?ascending=false 304 
2024-05-02T21:11:16.756Z [info]: ::1 - GET /shows?ascending=false 304 
2024-05-02T21:11:16.765Z [info]: ::1 - GET /shows?ascending=false 304 
2024-05-02T21:11:28.265Z [info]: ::1 - GET /shows?ascending=false 304 
2024-05-02T21:11:30.387Z [info]: ::1 - GET /shows?ascending=false 304 
2024-05-02T21:11:31.936Z [info]: ::1 - GET /shows?ascending=false 304 
2024-05-02T21:11:33.297Z [info]: ::1 - GET /shows?ascending=false 304 
2024-05-02T21:11:35.241Z [info]: ::1 - GET /shows?ascending=false 304 
2024-05-02T21:11:39.450Z [info]: ::1 - GET /movies?ascending=false 304 
2024-05-02T21:11:39.458Z [info]: ::1 - GET /movies?ascending=false 304 
2024-05-02T21:11:49.673Z [info]: ::1 - GET /movies?ascending=false 304 
2024-05-02T21:11:53.961Z [info]: ::1 - GET /movies?ascending=false 304 
2024-05-02T21:11:53.966Z [info]: ::1 - GET /movies?ascending=false 304 
2024-05-02T21:11:54.945Z [info]: ::1 - GET /shows?ascending=false 304 
2024-05-02T21:11:54.957Z [info]: ::1 - GET /shows?ascending=false 304 
2024-05-02T21:11:56.367Z [info]: ::1 - GET /rooms?ascending=false 304 
2024-05-02T21:11:56.370Z [info]: ::1 - GET /rooms?ascending=false 304 
2024-05-02T21:11:57.986Z [info]: ::1 - GET /movies?ascending=false 304 
2024-05-02T21:11:57.990Z [info]: ::1 - GET /movies?ascending=false 304 
2024-05-02T21:11:59.796Z [info]: ::1 - GET /shows?limit=3&orderBy=startAt&ascending=false&startAtMin=2024-05-02T21%3A11%3A59.767Z 200 
2024-05-02T21:11:59.818Z [info]: ::1 - GET /rooms 304 
2024-05-02T21:11:59.819Z [info]: ::1 - GET /rooms?ascending=false 304 
2024-05-02T21:11:59.828Z [info]: ::1 - GET /shows?limit=3&orderBy=startAt&ascending=false&startAtMin=2024-05-02T21%3A11%3A59.768Z 200 
2024-05-02T21:11:59.831Z [info]: ::1 - GET /movies?limit=3&orderBy=id&ascending=false 304 
2024-05-02T21:11:59.832Z [info]: ::1 - GET /rooms 304 
2024-05-02T21:11:59.833Z [info]: ::1 - GET /rooms?ascending=false 304 
2024-05-02T21:11:59.836Z [info]: ::1 - GET /movies?limit=3&orderBy=id&ascending=false 304 
2024-05-02T21:12:00.027Z [info]: ::1 - GET /rooms?ascending=false 304 
2024-05-02T21:12:00.038Z [info]: ::1 - GET /rooms?ascending=false 304 
2024-05-02T21:14:41.268Z [info]: ::1 - GET /shows?limit=3&orderBy=startAt&ascending=false&startAtMin=2024-05-02T21%3A14%3A41.251Z 200 
2024-05-02T21:14:41.269Z [info]: ::1 - GET /rooms 304 
2024-05-02T21:14:41.272Z [info]: ::1 - GET /movies?limit=3&orderBy=id&ascending=false 304 
2024-05-02T21:14:41.278Z [info]: ::1 - GET /rooms?ascending=false 304 
2024-05-02T21:14:41.280Z [info]: ::1 - GET /rooms?ascending=false 304 
2024-05-02T21:14:45.269Z [info]: ::1 - GET /shows?limit=3&orderBy=startAt&ascending=false&startAtMin=2024-05-02T21%3A14%3A45.250Z 200 
2024-05-02T21:14:45.271Z [info]: ::1 - GET /rooms 304 
2024-05-02T21:14:45.272Z [info]: ::1 - GET /movies?limit=3&orderBy=id&ascending=false 304 
2024-05-02T21:14:45.281Z [info]: ::1 - GET /rooms?ascending=false 304 
2024-05-02T21:14:45.283Z [info]: ::1 - GET /rooms?ascending=false 304 
2024-05-02T21:15:23.271Z [info]: ::1 - GET /shows?limit=3&orderBy=startAt&ascending=false&startAtMin=2024-05-02T21%3A15%3A23.251Z 200 
2024-05-02T21:15:23.272Z [info]: ::1 - GET /rooms?ascending=false 304 
2024-05-02T21:15:23.274Z [info]: ::1 - GET /rooms 304 
2024-05-02T21:15:23.277Z [info]: ::1 - GET /movies?limit=3&orderBy=id&ascending=false 304 
2024-05-02T21:15:23.277Z [info]: ::1 - GET /rooms?ascending=false 304 
2024-05-02T21:15:23.284Z [info]: ::1 - GET /rooms?ascending=false 304 
2024-05-02T21:15:23.287Z [info]: ::1 - GET /rooms?ascending=false 304 
2024-05-02T21:15:37.180Z [info]: ::1 - GET /shows?limit=3&orderBy=startAt&ascending=false&startAtMin=2024-05-02T21%3A15%3A37.169Z 200 
2024-05-02T21:15:37.183Z [info]: ::1 - GET /movies?limit=3&orderBy=id&ascending=false 304 
2024-05-02T21:15:37.184Z [info]: ::1 - GET /rooms 304 
2024-05-02T21:15:37.189Z [info]: ::1 - GET /rooms?ascending=false 304 
2024-05-02T21:15:37.193Z [info]: ::1 - GET /rooms?ascending=false 304 
2024-05-02T21:15:45.947Z [info]: ::1 - GET /shows?limit=3&orderBy=startAt&ascending=false&startAtMin=2024-05-02T21%3A15%3A45.934Z 200 
2024-05-02T21:15:45.950Z [info]: ::1 - GET /rooms 304 
2024-05-02T21:15:45.951Z [info]: ::1 - GET /movies?limit=3&orderBy=id&ascending=false 304 
2024-05-02T21:15:45.960Z [info]: ::1 - GET /rooms?ascending=false 304 
2024-05-02T21:15:45.962Z [info]: ::1 - GET /rooms?ascending=false 304 
2024-05-02T21:15:49.015Z [info]: ::1 - GET /shows?limit=3&orderBy=startAt&ascending=false&startAtMin=2024-05-02T21%3A15%3A49.000Z 200 
2024-05-02T21:15:49.017Z [info]: ::1 - GET /rooms 304 
2024-05-02T21:15:49.017Z [info]: ::1 - GET /movies?limit=3&orderBy=id&ascending=false 304 
2024-05-02T21:15:49.024Z [info]: ::1 - GET /rooms?ascending=false 304 
2024-05-02T21:15:49.026Z [info]: ::1 - GET /rooms?ascending=false 304 
2024-05-02T21:15:56.582Z [info]: ::1 - GET /shows?limit=3&orderBy=startAt&ascending=false&startAtMin=2024-05-02T21%3A15%3A56.569Z 200 
2024-05-02T21:15:56.584Z [info]: ::1 - GET /rooms 304 
2024-05-02T21:15:56.585Z [info]: ::1 - GET /movies?limit=3&orderBy=id&ascending=false 304 
2024-05-02T21:15:56.590Z [info]: ::1 - GET /rooms?ascending=false 304 
2024-05-02T21:15:56.592Z [info]: ::1 - GET /rooms?ascending=false 304 
2024-05-02T21:16:04.285Z [info]: ::1 - GET /shows?limit=3&orderBy=startAt&ascending=false&startAtMin=2024-05-02T21%3A16%3A04.273Z 200 
2024-05-02T21:16:04.288Z [info]: ::1 - GET /rooms 304 
2024-05-02T21:16:04.288Z [info]: ::1 - GET /movies?limit=3&orderBy=id&ascending=false 304 
2024-05-02T21:16:04.294Z [info]: ::1 - GET /rooms?ascending=false 304 
2024-05-02T21:16:04.297Z [info]: ::1 - GET /rooms?ascending=false 304 
2024-05-02T21:16:13.525Z [info]: ::1 - GET /shows?limit=3&orderBy=startAt&ascending=false&startAtMin=2024-05-02T21%3A16%3A13.515Z 200 
2024-05-02T21:16:13.527Z [info]: ::1 - GET /rooms 304 
2024-05-02T21:16:13.528Z [info]: ::1 - GET /movies?limit=3&orderBy=id&ascending=false 304 
2024-05-02T21:16:13.534Z [info]: ::1 - GET /rooms?ascending=false 304 
2024-05-02T21:16:13.537Z [info]: ::1 - GET /rooms?ascending=false 304 
2024-05-02T21:16:15.033Z [info]: ::1 - GET /shows?limit=3&orderBy=startAt&ascending=false&startAtMin=2024-05-02T21%3A16%3A15.020Z 200 
2024-05-02T21:16:15.034Z [info]: ::1 - GET /rooms 304 
2024-05-02T21:16:15.036Z [info]: ::1 - GET /movies?limit=3&orderBy=id&ascending=false 304 
2024-05-02T21:16:15.045Z [info]: ::1 - GET /rooms?ascending=false 304 
2024-05-02T21:16:15.046Z [info]: ::1 - GET /rooms?ascending=false 304 
2024-05-02T21:16:17.265Z [info]: ::1 - GET /movies?limit=3&orderBy=id&ascending=false 304 
2024-05-02T21:16:17.267Z [info]: ::1 - GET /rooms 304 
2024-05-02T21:16:17.267Z [info]: ::1 - GET /shows?limit=3&orderBy=startAt&ascending=false&startAtMin=2024-05-02T21%3A16%3A17.253Z 200 
2024-05-02T21:16:17.272Z [info]: ::1 - GET /rooms?ascending=false 304 
2024-05-02T21:16:17.274Z [info]: ::1 - GET /rooms?ascending=false 304 
2024-05-02T21:16:20.363Z [info]: ::1 - GET /shows?limit=3&orderBy=startAt&ascending=false&startAtMin=2024-05-02T21%3A16%3A20.351Z 200 
2024-05-02T21:16:20.365Z [info]: ::1 - GET /rooms 304 
2024-05-02T21:16:20.365Z [info]: ::1 - GET /movies?limit=3&orderBy=id&ascending=false 304 
2024-05-02T21:16:20.370Z [info]: ::1 - GET /rooms?ascending=false 304 
2024-05-02T21:16:20.373Z [info]: ::1 - GET /rooms?ascending=false 304 
2024-05-02T21:16:33.883Z [info]: ::1 - GET /shows?limit=3&orderBy=startAt&ascending=false&startAtMin=2024-05-02T21%3A16%3A33.870Z 200 
2024-05-02T21:16:33.885Z [info]: ::1 - GET /rooms 304 
2024-05-02T21:16:33.886Z [info]: ::1 - GET /movies?limit=3&orderBy=id&ascending=false 304 
2024-05-02T21:16:33.891Z [info]: ::1 - GET /rooms?ascending=false 304 
2024-05-02T21:16:33.893Z [info]: ::1 - GET /rooms?ascending=false 304 
2024-05-02T21:16:34.995Z [info]: ::1 - GET /movies?limit=3&orderBy=id&ascending=false 304 
2024-05-02T21:16:34.995Z [info]: ::1 - GET /rooms 304 
2024-05-02T21:16:34.996Z [info]: ::1 - GET /shows?limit=3&orderBy=startAt&ascending=false&startAtMin=2024-05-02T21%3A16%3A34.981Z 200 
2024-05-02T21:16:35.005Z [info]: ::1 - GET /rooms?ascending=false 304 
2024-05-02T21:16:35.008Z [info]: ::1 - GET /rooms?ascending=false 304 
2024-05-02T21:16:52.598Z [info]: ::1 - GET /shows?ascending=false 304 
2024-05-02T21:16:52.677Z [info]: ::1 - GET /shows?ascending=false 304 
2024-05-02T21:16:54.045Z [info]: ::1 - GET /movies?ascending=false 304 
2024-05-02T21:16:54.060Z [info]: ::1 - GET /movies?ascending=false 304 
2024-05-02T21:16:55.417Z [info]: ::1 - GET /shows?limit=3&orderBy=startAt&ascending=false&startAtMin=2024-05-02T21%3A16%3A55.403Z 200 
2024-05-02T21:16:55.418Z [info]: ::1 - GET /rooms?ascending=false 304 
2024-05-02T21:16:55.422Z [info]: ::1 - GET /shows?limit=3&orderBy=startAt&ascending=false&startAtMin=2024-05-02T21%3A16%3A55.404Z 200 
2024-05-02T21:16:55.423Z [info]: ::1 - GET /movies?limit=3&orderBy=id&ascending=false 304 
2024-05-02T21:16:55.424Z [info]: ::1 - GET /rooms 304 
2024-05-02T21:16:55.426Z [info]: ::1 - GET /rooms?ascending=false 304 
2024-05-02T21:16:55.428Z [info]: ::1 - GET /rooms 304 
2024-05-02T21:16:55.428Z [info]: ::1 - GET /movies?limit=3&orderBy=id&ascending=false 304 
2024-05-02T21:16:55.639Z [info]: ::1 - GET /rooms?ascending=false 304 
2024-05-02T21:16:55.642Z [info]: ::1 - GET /rooms?ascending=false 304 
2024-05-02T21:17:00.761Z [info]: ::1 - GET /shows?ascending=false 304 
2024-05-02T21:17:00.766Z [info]: ::1 - GET /shows?ascending=false 304 
2024-05-02T21:17:02.299Z [info]: ::1 - GET /rooms?ascending=false 304 
2024-05-02T21:17:02.301Z [info]: ::1 - GET /rooms?ascending=false 304 
2024-05-02T21:17:03.458Z [info]: ::1 - GET /rooms?ascending=false 304 
2024-05-02T21:17:03.462Z [info]: ::1 - GET /rooms?ascending=false 304 
2024-05-02T21:17:05.446Z [info]: ::1 - GET /shows?ascending=false 304 
2024-05-02T21:17:05.451Z [info]: ::1 - GET /shows?ascending=false 304 
2024-05-02T21:17:06.798Z [info]: ::1 - GET /movies?ascending=false 304 
2024-05-02T21:17:06.802Z [info]: ::1 - GET /movies?ascending=false 304 
2024-05-02T21:17:12.871Z [info]: ::1 - GET /shows?limit=3&orderBy=startAt&ascending=false&startAtMin=2024-05-02T21%3A17%3A12.844Z 200 
2024-05-02T21:17:12.871Z [info]: ::1 - GET /rooms?ascending=false 304 
2024-05-02T21:17:12.880Z [info]: ::1 - GET /movies?limit=3&orderBy=id&ascending=false 304 
2024-05-02T21:17:12.886Z [info]: ::1 - GET /shows?limit=3&orderBy=startAt&ascending=false&startAtMin=2024-05-02T21%3A17%3A12.845Z 200 
2024-05-02T21:17:12.887Z [info]: ::1 - GET /rooms 304 
2024-05-02T21:17:12.890Z [info]: ::1 - GET /rooms?ascending=false 304 
2024-05-02T21:17:12.893Z [info]: ::1 - GET /rooms 304 
2024-05-02T21:17:12.893Z [info]: ::1 - GET /movies?limit=3&orderBy=id&ascending=false 304 
2024-05-02T21:17:13.077Z [info]: ::1 - GET /rooms?ascending=false 304 
2024-05-02T21:17:13.080Z [info]: ::1 - GET /rooms?ascending=false 304 
2024-05-02T21:33:36.833Z [info]: ::1 - POST /auth/signup 400 
2024-05-02T21:34:03.266Z [info]: ::1 - POST /auth/signup 500 
2024-05-02T21:35:44.134Z [info]: ::1 - POST /auth/signup 201 
2024-05-02T21:47:16.966Z [info]: ::1 - GET /shows?limit=3&orderBy=startAt&ascending=false&startAtMin=2024-05-02T21%3A47%3A16.915Z 200 
2024-05-02T21:47:16.982Z [info]: ::1 - GET /shows?limit=3&orderBy=startAt&ascending=false&startAtMin=2024-05-02T21%3A47%3A16.916Z 200 
2024-05-02T21:47:16.985Z [info]: ::1 - GET /rooms 304 
2024-05-02T21:47:16.985Z [info]: ::1 - GET /rooms?ascending=false 304 
2024-05-02T21:47:16.992Z [info]: ::1 - GET /movies?limit=3&orderBy=id&ascending=false 304 
2024-05-02T21:47:16.994Z [info]: ::1 - GET /rooms 304 
2024-05-02T21:47:16.995Z [info]: ::1 - GET /rooms?ascending=false 304 
2024-05-02T21:47:17.002Z [info]: ::1 - GET /movies?limit=3&orderBy=id&ascending=false 304 
2024-05-02T21:47:17.172Z [info]: ::1 - GET /rooms?ascending=false 304 
2024-05-02T21:47:17.177Z [info]: ::1 - GET /rooms?ascending=false 304 
2024-05-02T21:49:14.496Z [info]: ::1 - POST /auth/login 401 
2024-05-02T21:52:16.801Z [info]: ::1 - POST /auth/login 500 
2024-05-02T21:52:27.075Z [info]: ::1 - POST /auth/login 400 
2024-05-02T21:52:32.567Z [info]: ::1 - POST /auth/login 500 
2024-05-02T21:57:26.715Z [info]: ::1 - POST /auth/login 200 
2024-05-02T22:00:40.610Z [info]: ::1 - POST /auth/login 200 
2024-05-02T22:00:42.428Z [info]: ::1 - GET /shows?limit=3&orderBy=startAt&ascending=false&startAtMin=2024-05-02T22%3A00%3A42.386Z 200 
2024-05-02T22:00:42.439Z [info]: ::1 - GET /rooms 304 
2024-05-02T22:00:42.440Z [info]: ::1 - GET /shows?limit=3&orderBy=startAt&ascending=false&startAtMin=2024-05-02T22%3A00%3A42.387Z 200 
2024-05-02T22:00:42.442Z [info]: ::1 - GET /rooms?ascending=false 304 
2024-05-02T22:00:42.449Z [info]: ::1 - GET /rooms 304 
2024-05-02T22:00:42.452Z [info]: ::1 - GET /movies?limit=3&orderBy=id&ascending=false 304 
2024-05-02T22:00:42.453Z [info]: ::1 - GET /rooms?ascending=false 304 
2024-05-02T22:00:42.460Z [info]: ::1 - GET /movies?limit=3&orderBy=id&ascending=false 304 
2024-05-02T22:00:42.461Z [info]: ::1 - GET /rooms?ascending=false 304 
2024-05-02T22:00:42.471Z [info]: ::1 - GET /rooms?ascending=false 304 
2024-05-02T22:02:37.803Z [info]: ::1 - GET /transactions 200 
2024-05-02T22:03:16.758Z [info]: ::1 - GET /transactions/1 200 
2024-05-02T22:03:18.285Z [info]: ::1 - GET /transactions/ 200 
2024-05-02T22:24:31.263Z [info]: ::1 - GET /transactions?userId=YOUR_USER_ID 400 
2024-05-02T22:24:31.271Z [info]: ::1 - GET /transactions?userId=YOUR_USER_ID 400 
2024-05-02T22:25:38.258Z [info]: ::1 - GET /transactions?userId=2 200 
2024-05-02T22:25:38.263Z [info]: ::1 - GET /transactions?userId=2 304 
2024-05-02T22:25:41.217Z [info]: ::1 - GET /transactions?userId=2 304 
2024-05-02T22:25:41.221Z [info]: ::1 - GET /transactions?userId=2 304 
2024-05-02T22:26:50.525Z [info]: ::1 - GET /transactions?userId=1 200 
2024-05-02T22:26:53.764Z [info]: ::1 - GET /transactions?userId=2 304 
2024-05-02T22:27:55.446Z [info]: ::1 - GET /transactions?userId=2 304 
2024-05-02T22:28:29.738Z [info]: ::1 - GET /transactions?userId=2 304 
2024-05-02T22:30:17.280Z [info]: ::1 - GET /transactions?userId=2 200 
2024-05-02T22:30:17.285Z [info]: ::1 - GET /transactions?userId=2 304 
2024-05-02T22:32:13.719Z [info]: ::1 - GET /transactions?userId=2 304 
2024-05-02T22:32:13.726Z [info]: ::1 - GET /transactions?userId=2 304 
2024-05-02T22:34:09.664Z [info]: ::1 - GET /transactions?userId=2 304 
2024-05-02T22:34:10.799Z [info]: ::1 - GET /transactions?userId=2 304 
2024-05-02T22:34:33.141Z [info]: ::1 - GET /transactions?userId=1 401 
2024-05-02T22:34:33.184Z [info]: ::1 - GET /transactions?userId=1 401 
2024-05-02T22:35:01.275Z [info]: ::1 - GET /transactions?userId=1 401 
2024-05-02T22:35:01.279Z [info]: ::1 - GET /transactions?userId=1 401 
2024-05-02T22:35:03.534Z [info]: ::1 - GET /transactions?userId=1 401 
2024-05-02T22:35:03.536Z [info]: ::1 - GET /transactions?userId=1 401 
2024-05-02T22:35:04.556Z [info]: ::1 - GET /transactions?userId=1 401 
2024-05-02T22:35:04.558Z [info]: ::1 - GET /transactions?userId=1 401 
2024-05-02T22:35:05.855Z [info]: ::1 - GET /transactions?userId=1 401 
2024-05-02T22:35:05.856Z [info]: ::1 - GET /transactions?userId=1 401 
2024-05-02T22:35:18.997Z [info]: ::1 - GET /transactions?userId=2 304 
2024-05-02T22:35:25.496Z [info]: ::1 - GET /transactions?userId=2 304 
2024-05-02T22:35:25.499Z [info]: ::1 - GET /transactions?userId=2 304 
2024-05-02T22:38:05.250Z [info]: ::1 - GET /transactions?userId=null 401 
2024-05-02T22:40:48.673Z [info]: ::1 - GET /movies?ascending=false 304 
2024-05-02T22:40:48.682Z [info]: ::1 - GET /movies?ascending=false 304 
2024-05-02T22:40:50.110Z [info]: ::1 - GET /shows?ascending=false 304 
2024-05-02T22:40:50.122Z [info]: ::1 - GET /shows?ascending=false 304 
2024-05-02T22:40:51.756Z [info]: ::1 - GET /rooms?ascending=false 304 
2024-05-02T22:40:51.761Z [info]: ::1 - GET /rooms?ascending=false 304 
2024-05-02T22:41:45.052Z [info]: ::1 - POST /auth/login 200 
2024-05-02T22:41:46.858Z [info]: ::1 - GET /shows?limit=3&orderBy=startAt&ascending=false&startAtMin=2024-05-02T22%3A41%3A46.823Z 200 
2024-05-02T22:41:46.866Z [info]: ::1 - GET /rooms 304 
2024-05-02T22:41:46.873Z [info]: ::1 - GET /rooms?ascending=false 304 
2024-05-02T22:41:46.875Z [info]: ::1 - GET /movies?limit=3&orderBy=id&ascending=false 304 
2024-05-02T22:41:46.878Z [info]: ::1 - GET /rooms 304 
2024-05-02T22:41:46.879Z [info]: ::1 - GET /shows?limit=3&orderBy=startAt&ascending=false&startAtMin=2024-05-02T22%3A41%3A46.823Z 304 
2024-05-02T22:41:46.883Z [info]: ::1 - GET /rooms?ascending=false 304 
2024-05-02T22:41:46.885Z [info]: ::1 - GET /movies?limit=3&orderBy=id&ascending=false 304 
2024-05-02T22:41:46.887Z [info]: ::1 - GET /rooms?ascending=false 304 
2024-05-02T22:41:46.889Z [info]: ::1 - GET /rooms?ascending=false 304 
2024-05-02T22:41:48.582Z [info]: ::1 - GET /transactions?userId=undefined 401 
2024-05-02T22:43:13.594Z [info]: ::1 - POST /auth/login 200 
2024-05-02T22:43:15.934Z [info]: ::1 - GET /shows?limit=3&orderBy=startAt&ascending=false&startAtMin=2024-05-02T22%3A43%3A15.905Z 200 
2024-05-02T22:43:15.946Z [info]: ::1 - GET /shows?limit=3&orderBy=startAt&ascending=false&startAtMin=2024-05-02T22%3A43%3A15.906Z 200 
2024-05-02T22:43:15.947Z [info]: ::1 - GET /rooms 304 
2024-05-02T22:43:15.949Z [info]: ::1 - GET /movies?limit=3&orderBy=id&ascending=false 304 
2024-05-02T22:43:15.953Z [info]: ::1 - GET /rooms?ascending=false 304 
2024-05-02T22:43:15.959Z [info]: ::1 - GET /rooms 304 
2024-05-02T22:43:15.961Z [info]: ::1 - GET /movies?limit=3&orderBy=id&ascending=false 304 
2024-05-02T22:43:15.963Z [info]: ::1 - GET /rooms?ascending=false 304 
2024-05-02T22:43:15.968Z [info]: ::1 - GET /rooms?ascending=false 304 
2024-05-02T22:43:15.971Z [info]: ::1 - GET /rooms?ascending=false 304 
2024-05-02T22:43:18.059Z [info]: ::1 - GET /transactions?userId=2 304 
2024-05-02T22:43:18.062Z [info]: ::1 - GET /transactions?userId=2 304 
2024-05-02T22:43:44.835Z [info]: ::1 - GET /rooms?ascending=false 304 
2024-05-02T22:43:44.839Z [info]: ::1 - GET /rooms?ascending=false 304 
2024-05-02T22:43:45.967Z [info]: ::1 - GET /shows?ascending=false 304 
2024-05-02T22:43:45.978Z [info]: ::1 - GET /shows?ascending=false 304 
2024-05-02T22:43:47.053Z [info]: ::1 - GET /movies?ascending=false 304 
2024-05-02T22:43:47.059Z [info]: ::1 - GET /movies?ascending=false 304 
2024-05-02T22:43:51.761Z [info]: ::1 - GET /rooms?ascending=false 304 
2024-05-02T22:43:51.767Z [info]: ::1 - GET /rooms?ascending=false 304 
2024-05-02T22:43:52.426Z [info]: ::1 - GET /transactions?userId=2 304 
2024-05-02T22:43:52.431Z [info]: ::1 - GET /transactions?userId=2 304 
2024-05-02T22:44:38.565Z [info]: ::1 - GET /shows?limit=3&orderBy=startAt&ascending=false&startAtMin=2024-05-02T22%3A44%3A38.542Z 200 
2024-05-02T22:44:38.568Z [info]: ::1 - GET /shows?limit=3&orderBy=startAt&ascending=false&startAtMin=2024-05-02T22%3A44%3A38.543Z 200 
2024-05-02T22:44:38.570Z [info]: ::1 - GET /rooms?ascending=false 304 
2024-05-02T22:44:38.573Z [info]: ::1 - GET /rooms 304 
2024-05-02T22:44:38.589Z [info]: ::1 - GET /rooms?ascending=false 304 
2024-05-02T22:44:38.591Z [info]: ::1 - GET /movies?limit=3&orderBy=id&ascending=false 304 
2024-05-02T22:44:38.595Z [info]: ::1 - GET /rooms 304 
2024-05-02T22:44:38.600Z [info]: ::1 - GET /movies?limit=3&orderBy=id&ascending=false 304 
2024-05-02T22:44:38.806Z [info]: ::1 - GET /rooms?ascending=false 304 
2024-05-02T22:44:38.810Z [info]: ::1 - GET /rooms?ascending=false 304 
2024-05-02T22:44:44.292Z [info]: ::1 - GET /rooms?ascending=false 304 
2024-05-02T22:44:44.304Z [info]: ::1 - GET /movies?limit=3&orderBy=id&ascending=false 304 
2024-05-02T22:44:44.306Z [info]: ::1 - GET /rooms?ascending=false 304 
2024-05-02T22:44:44.310Z [info]: ::1 - GET /shows?limit=3&orderBy=startAt&ascending=false&startAtMin=2024-05-02T22%3A44%3A44.277Z 200 
2024-05-02T22:44:44.313Z [info]: ::1 - GET /shows?limit=3&orderBy=startAt&ascending=false&startAtMin=2024-05-02T22%3A44%3A44.278Z 200 
2024-05-02T22:44:44.315Z [info]: ::1 - GET /movies?limit=3&orderBy=id&ascending=false 304 
2024-05-02T22:44:44.316Z [info]: ::1 - GET /rooms?ascending=false 304 
2024-05-02T22:44:44.318Z [info]: ::1 - GET /rooms 304 
2024-05-02T22:44:44.320Z [info]: ::1 - GET /rooms?ascending=false 304 
2024-05-02T22:44:44.321Z [info]: ::1 - GET /rooms 304 
2024-05-02T22:46:31.590Z [info]: ::1 - GET /rooms?ascending=false 200 
2024-05-02T22:46:31.610Z [info]: ::1 - GET /movies?limit=3&orderBy=id&ascending=false 304 
2024-05-02T22:46:31.619Z [info]: ::1 - GET /shows?limit=3&orderBy=startAt&ascending=false&startAtMin=2024-05-02T22%3A46%3A31.547Z 200 
2024-05-02T22:46:31.624Z [info]: ::1 - GET /rooms 304 
2024-05-02T22:46:31.625Z [info]: ::1 - GET /shows?limit=3&orderBy=startAt&ascending=false&startAtMin=2024-05-02T22%3A46%3A31.546Z 200 
2024-05-02T22:46:31.627Z [info]: ::1 - GET /rooms?ascending=false 304 
2024-05-02T22:46:31.631Z [info]: ::1 - GET /movies?limit=3&orderBy=id&ascending=false 304 
2024-05-02T22:46:31.632Z [info]: ::1 - GET /rooms 304 
2024-05-02T22:46:31.787Z [info]: ::1 - GET /rooms?ascending=false 304 
2024-05-02T22:46:31.792Z [info]: ::1 - GET /rooms?ascending=false 304 
2024-05-02T22:47:06.722Z [info]: ::1 - GET /shows?ascending=false 200 
2024-05-02T22:47:06.733Z [info]: ::1 - GET /shows?ascending=false 304 
2024-05-02T22:47:07.415Z [info]: ::1 - GET /rooms?ascending=false 304 
2024-05-02T22:47:07.422Z [info]: ::1 - GET /rooms?ascending=false 304 
2024-05-02T22:47:10.735Z [info]: ::1 - GET /rooms?ascending=false 304 
2024-05-02T22:47:10.741Z [info]: ::1 - GET /rooms?ascending=false 304 
2024-05-02T22:47:11.595Z [info]: ::1 - GET /shows?ascending=false 304 
2024-05-02T22:47:11.603Z [info]: ::1 - GET /shows?ascending=false 304 
2024-05-02T22:47:13.431Z [info]: ::1 - GET /shows?limit=3&orderBy=startAt&ascending=false&startAtMin=2024-05-02T22%3A47%3A13.406Z 200 
2024-05-02T22:47:13.433Z [info]: ::1 - GET /shows?limit=3&orderBy=startAt&ascending=false&startAtMin=2024-05-02T22%3A47%3A13.407Z 200 
2024-05-02T22:47:13.437Z [info]: ::1 - GET /rooms?ascending=false 304 
2024-05-02T22:47:13.439Z [info]: ::1 - GET /rooms 304 
2024-05-02T22:47:13.443Z [info]: ::1 - GET /movies?limit=3&orderBy=id&ascending=false 304 
2024-05-02T22:47:13.449Z [info]: ::1 - GET /rooms 304 
2024-05-02T22:47:13.450Z [info]: ::1 - GET /rooms?ascending=false 304 
2024-05-02T22:47:13.454Z [info]: ::1 - GET /movies?limit=3&orderBy=id&ascending=false 304 
2024-05-02T22:47:13.467Z [info]: ::1 - GET /rooms?ascending=false 304 
2024-05-02T22:47:13.472Z [info]: ::1 - GET /rooms?ascending=false 304 
2024-05-02T22:47:27.517Z [info]: ::1 - POST /auth/login 200 
2024-05-02T22:47:28.882Z [info]: ::1 - GET /rooms?ascending=false 304 
2024-05-02T22:47:28.894Z [info]: ::1 - GET /shows?limit=3&orderBy=startAt&ascending=false&startAtMin=2024-05-02T22%3A47%3A28.856Z 200 
2024-05-02T22:47:28.898Z [info]: ::1 - GET /movies?limit=3&orderBy=id&ascending=false 304 
2024-05-02T22:47:28.898Z [info]: ::1 - GET /rooms 304 
2024-05-02T22:47:28.899Z [info]: ::1 - GET /rooms?ascending=false 304 
2024-05-02T22:47:28.908Z [info]: ::1 - GET /shows?limit=3&orderBy=startAt&ascending=false&startAtMin=2024-05-02T22%3A47%3A28.857Z 200 
2024-05-02T22:47:28.911Z [info]: ::1 - GET /rooms 304 
2024-05-02T22:47:28.913Z [info]: ::1 - GET /movies?limit=3&orderBy=id&ascending=false 304 
2024-05-02T22:47:28.914Z [info]: ::1 - GET /rooms?ascending=false 304 
2024-05-02T22:47:28.916Z [info]: ::1 - GET /rooms?ascending=false 304 
2024-05-02T22:47:50.458Z [info]: ::1 - POST /auth/login 200 
2024-05-02T22:47:50.478Z [info]: ::1 - GET /rooms?ascending=false 304 
2024-05-02T22:47:50.489Z [info]: ::1 - GET /shows?limit=3&orderBy=startAt&ascending=false&startAtMin=2024-05-02T22%3A47%3A50.461Z 200 
2024-05-02T22:47:50.491Z [info]: ::1 - GET /rooms?ascending=false 304 
2024-05-02T22:47:50.493Z [info]: ::1 - GET /shows?limit=3&orderBy=startAt&ascending=false&startAtMin=2024-05-02T22%3A47%3A50.462Z 200 
2024-05-02T22:47:50.495Z [info]: ::1 - GET /rooms 304 
2024-05-02T22:47:50.498Z [info]: ::1 - GET /movies?limit=3&orderBy=id&ascending=false 304 
2024-05-02T22:47:50.500Z [info]: ::1 - GET /rooms 304 
2024-05-02T22:47:50.505Z [info]: ::1 - GET /rooms?ascending=false 304 
2024-05-02T22:47:50.506Z [info]: ::1 - GET /movies?limit=3&orderBy=id&ascending=false 304 
2024-05-02T22:47:50.509Z [info]: ::1 - GET /rooms?ascending=false 304 
2024-05-02T22:54:36.929Z [info]: ::1 - GET /shows?limit=3&orderBy=startAt&ascending=false&startAtMin=2024-05-02T22%3A54%3A36.884Z 200 
2024-05-02T22:54:36.934Z [info]: ::1 - GET /rooms?ascending=false 304 
2024-05-02T22:54:36.941Z [info]: ::1 - GET /rooms 304 
2024-05-02T22:54:36.947Z [info]: ::1 - GET /movies?limit=3&orderBy=id&ascending=false 304 
2024-05-02T22:54:36.950Z [info]: ::1 - GET /rooms?ascending=false 304 
2024-05-02T22:54:36.956Z [info]: ::1 - GET /shows?limit=3&orderBy=startAt&ascending=false&startAtMin=2024-05-02T22%3A54%3A36.884Z 304 
2024-05-02T22:54:36.957Z [info]: ::1 - GET /rooms 304 
2024-05-02T22:54:36.959Z [info]: ::1 - GET /movies?limit=3&orderBy=id&ascending=false 304 
2024-05-02T22:54:37.001Z [info]: ::1 - GET /rooms?ascending=false 304 
2024-05-02T22:54:37.005Z [info]: ::1 - GET /rooms?ascending=false 304 
2024-05-02T22:54:39.188Z [info]: ::1 - GET /movies?ascending=false 304 
2024-05-02T22:54:39.195Z [info]: ::1 - GET /movies?ascending=false 304 
2024-05-02T22:54:39.766Z [info]: ::1 - GET /shows?ascending=false 304 
2024-05-02T22:54:39.775Z [info]: ::1 - GET /shows?ascending=false 304 
2024-05-02T22:54:40.650Z [info]: ::1 - GET /rooms?ascending=false 304 
2024-05-02T22:54:40.658Z [info]: ::1 - GET /rooms?ascending=false 304 
2024-05-02T22:54:43.041Z [info]: ::1 - GET /shows?ascending=false 304 
2024-05-02T22:54:43.049Z [info]: ::1 - GET /shows?ascending=false 304 
2024-05-02T22:54:44.115Z [info]: ::1 - GET /shows?ascending=false 304 
2024-05-02T22:54:44.121Z [info]: ::1 - GET /shows?ascending=false 304 
2024-05-02T22:54:45.555Z [info]: ::1 - GET /movies?ascending=false 304 
2024-05-02T22:54:45.561Z [info]: ::1 - GET /movies?ascending=false 304 
2024-05-02T22:57:17.910Z [info]: ::1 - POST /auth/login 200 
2024-05-02T22:57:17.937Z [info]: ::1 - GET /rooms?ascending=false 304 
2024-05-02T22:57:17.948Z [info]: ::1 - GET /rooms?ascending=false 304 
2024-05-02T22:57:17.952Z [info]: ::1 - GET /shows?limit=3&orderBy=startAt&ascending=false&startAtMin=2024-05-02T22%3A57%3A17.920Z 200 
2024-05-02T22:57:17.954Z [info]: ::1 - GET /shows?limit=3&orderBy=startAt&ascending=false&startAtMin=2024-05-02T22%3A57%3A17.921Z 200 
2024-05-02T22:57:17.956Z [info]: ::1 - GET /rooms 304 
2024-05-02T22:57:17.960Z [info]: ::1 - GET /movies?limit=3&orderBy=id&ascending=false 304 
2024-05-02T22:57:17.961Z [info]: ::1 - GET /rooms 304 
2024-05-02T22:57:17.966Z [info]: ::1 - GET /movies?limit=3&orderBy=id&ascending=false 304 
2024-05-02T22:57:17.967Z [info]: ::1 - GET /rooms?ascending=false 304 
2024-05-02T22:57:17.970Z [info]: ::1 - GET /rooms?ascending=false 304 
2024-05-02T22:57:19.573Z [info]: ::1 - GET /rooms?ascending=false 304 
2024-05-02T22:57:19.577Z [info]: ::1 - GET /rooms?ascending=false 304 
2024-05-02T22:57:20.318Z [info]: ::1 - GET /shows?ascending=false 304 
2024-05-02T22:57:20.326Z [info]: ::1 - GET /shows?ascending=false 304 
2024-05-02T22:57:21.097Z [info]: ::1 - GET /movies?ascending=false 304 
2024-05-02T22:57:21.106Z [info]: ::1 - GET /movies?ascending=false 304 
2024-05-02T22:57:27.609Z [info]: ::1 - GET /transactions?userId=2 304 
2024-05-02T22:57:27.613Z [info]: ::1 - GET /transactions?userId=2 304 
2024-05-02T22:57:33.207Z [info]: ::1 - GET /movies?ascending=false 304 
2024-05-02T22:57:33.215Z [info]: ::1 - GET /movies?ascending=false 304 
2024-05-02T22:57:33.511Z [info]: ::1 - GET /movies?ascending=false 304 
2024-05-02T22:57:33.517Z [info]: ::1 - GET /movies?ascending=false 304 
2024-05-02T22:57:34.174Z [info]: ::1 - GET /shows?ascending=false 304 
2024-05-02T22:57:34.181Z [info]: ::1 - GET /shows?ascending=false 304 
